::1 - - [20/Nov/2019:09:39:49 -0500] "GET / HTTP/1.1" 200 46
::1 - - [20/Nov/2019:09:44:23 -0500] "GET / HTTP/1.1" 304 -
::1 - - [20/Nov/2019:09:50:46 -0500] "GET / HTTP/1.1" 304 -
::1 - - [20/Nov/2019:09:50:53 -0500] "GET /CGI_test.html HTTP/1.1" 200 271
::1 - - [20/Nov/2019:09:50:58 -0500] "POST /cgi-bin/form.py HTTP/1.1" 500 538
::1 - - [20/Nov/2019:09:51:53 -0500] "-" 408 -
::1 - - [20/Nov/2019:10:01:41 -0500] "GET /CGI_test.html HTTP/1.1" 304 -
::1 - - [20/Nov/2019:10:01:46 -0500] "POST /cgi-bin/form.py HTTP/1.1" 500 538
::1 - - [20/Nov/2019:10:14:33 -0500] "GET /cgi-bin HTTP/1.1" 404 196
::1 - - [20/Nov/2019:10:14:47 -0500] "GET /CGI_test.html HTTP/1.1" 304 -
::1 - - [20/Nov/2019:10:14:50 -0500] "POST /cgi-bin/form.py HTTP/1.1" 500 538
::1 - - [20/Nov/2019:10:32:00 -0500] "GET /CGI_test.html HTTP/1.1" 304 -
::1 - - [20/Nov/2019:10:32:03 -0500] "POST /cgi-bin/form.py HTTP/1.1" 403 199
::1 - - [20/Nov/2019:10:36:07 -0500] "GET /cgi-bin HTTP/1.1" 404 196
::1 - - [20/Nov/2019:10:36:22 -0500] "POST /cgi-bin/form.py HTTP/1.1" 403 199
::1 - - [20/Nov/2019:10:39:49 -0500] "GET /CGI_test.html HTTP/1.1" 304 -
::1 - - [20/Nov/2019:10:39:52 -0500] "POST /cgi-bin/form.py HTTP/1.1" 403 199
::1 - - [20/Nov/2019:10:42:27 -0500] "GET /cgi-bin/printenv.pl HTTP/1.1" 403 199
::1 - - [20/Nov/2019:10:48:39 -0500] "GET /cgi-bin/ HTTP/1.1" 403 199
::1 - - [20/Nov/2019:10:48:55 -0500] "GET /CGI_test.html HTTP/1.1" 304 -
::1 - - [20/Nov/2019:10:48:58 -0500] "POST /cgi-bin/form.py HTTP/1.1" 500 538
::1 - - [20/Nov/2019:10:50:24 -0500] "POST /cgi-bin/form.py HTTP/1.1" 500 538
::1 - - [20/Nov/2019:10:51:20 -0500] "POST /cgi-bin/form.py HTTP/1.1" 403 199
::1 - - [20/Nov/2019:10:53:36 -0500] "POST /cgi-bin/form.py HTTP/1.1" 403 199
::1 - - [20/Nov/2019:10:53:49 -0500] "POST /cgi-bin/form.py HTTP/1.1" 403 199
::1 - - [20/Nov/2019:10:55:08 -0500] "GET /CGI_test.html HTTP/1.1" 304 -
::1 - - [20/Nov/2019:10:55:11 -0500] "POST /cgi-bin/form.py HTTP/1.1" 403 199
::1 - - [20/Nov/2019:11:05:11 -0500] "GET /CGI_test.html HTTP/1.1" 304 -
::1 - - [20/Nov/2019:11:05:14 -0500] "POST /cgi-bin/form.py HTTP/1.1" 403 199
::1 - - [20/Nov/2019:11:09:52 -0500] "GET /cgi-bin/ HTTP/1.1" 403 199
::1 - - [20/Nov/2019:11:10:12 -0500] "GET /htdocs/ HTTP/1.1" 404 196
::1 - - [20/Nov/2019:11:10:16 -0500] "GET /cgi-bin/ HTTP/1.1" 403 199
::1 - - [20/Nov/2019:11:14:57 -0500] "GET /cgi-bin/ HTTP/1.1" 403 199
::1 - - [20/Nov/2019:11:15:04 -0500] "GET /CGI_test.html HTTP/1.1" 304 -
::1 - - [20/Nov/2019:11:15:07 -0500] "POST /cgi-bin/form.py HTTP/1.1" 403 199
::1 - - [20/Nov/2019:11:17:48 -0500] "GET /cgi-bin/form.py HTTP/1.1" 403 199
::1 - - [20/Nov/2019:11:18:02 -0500] "POST /cgi-bin/form.py HTTP/1.1" 403 199
::1 - - [20/Nov/2019:11:18:06 -0500] "GET /cgi-bin/form.py HTTP/1.1" 403 199
::1 - - [20/Nov/2019:11:18:10 -0500] "GET /cgi-bin/form.py HTTP/1.1" 403 199
::1 - - [20/Nov/2019:11:18:13 -0500] "GET /cgi-bin/ HTTP/1.1" 403 199
::1 - - [20/Nov/2019:11:22:25 -0500] "GET /cgi-bin/ HTTP/1.1" 403 199
::1 - - [20/Nov/2019:11:22:59 -0500] "POST /cgi-bin/form.py HTTP/1.1" 500 538
::1 - - [20/Nov/2019:11:25:39 -0500] "GET /cgi-bin/form.py HTTP/1.1" 404 196
::1 - - [20/Nov/2019:11:25:43 -0500] "GET /cgi-bin/ HTTP/1.1" 403 199
::1 - - [20/Nov/2019:11:25:58 -0500] "GET /CGI_test.html HTTP/1.1" 304 -
::1 - - [20/Nov/2019:11:26:01 -0500] "POST /cgi-bin/form.py HTTP/1.1" 404 196
::1 - - [20/Nov/2019:11:27:11 -0500] "POST /cgi-bin/form.py HTTP/1.1" 500 538
::1 - - [20/Nov/2019:11:27:36 -0500] "GET /cgi-bin/printenv.pl HTTP/1.1" 500 538
::1 - - [20/Nov/2019:11:27:39 -0500] "GET /cgi-bin/ HTTP/1.1" 403 199
::1 - - [20/Nov/2019:11:31:22 -0500] "GET /cgi-bin/printenv.pl HTTP/1.1" 200 2355
::1 - - [20/Nov/2019:11:31:53 -0500] "GET /cgi-bin/form.py HTTP/1.1" 500 538
::1 - - [20/Nov/2019:11:33:47 -0500] "POST /cgi-bin/form.py HTTP/1.1" 200 27
::1 - - [20/Nov/2019:11:43:09 -0500] "GET /CGI_test.html HTTP/1.1" 304 -
::1 - - [20/Nov/2019:11:43:19 -0500] "POST /cgi-bin/form.py HTTP/1.1" 200 2719
::1 - - [20/Nov/2019:11:44:29 -0500] "POST /cgi-bin/form.py HTTP/1.1" 200 31
::1 - - [20/Nov/2019:11:44:54 -0500] "POST /cgi-bin/form.py HTTP/1.1" 200 102
::1 - - [20/Nov/2019:11:49:53 -0500] "POST /cgi-bin/form.py HTTP/1.1" 200 4345
::1 - - [20/Nov/2019:11:52:40 -0500] "POST /cgi-bin/form.py HTTP/1.1" 200 3272
::1 - - [20/Nov/2019:11:53:19 -0500] "POST /cgi-bin/form.py HTTP/1.1" 200 3272
::1 - - [20/Nov/2019:11:53:56 -0500] "POST /cgi-bin/form.py HTTP/1.1" 200 3272
::1 - - [20/Nov/2019:11:54:11 -0500] "POST /cgi-bin/form.py HTTP/1.1" 200 3272
::1 - - [20/Nov/2019:11:55:34 -0500] "GET /CGI_test.html HTTP/1.1" 200 271
::1 - - [20/Nov/2019:11:55:41 -0500] "POST /cgi-bin/form.py HTTP/1.1" 200 93
::1 - - [20/Nov/2019:11:56:47 -0500] "GET /CGI_test.html HTTP/1.1" 304 -
::1 - - [20/Nov/2019:11:56:50 -0500] "POST /cgi-bin/form.py HTTP/1.1" 200 2962
::1 - - [20/Nov/2019:12:19:12 -0500] "GET /CGI_test.html HTTP/1.1" 304 -
::1 - - [20/Nov/2019:12:19:16 -0500] "POST /cgi-bin/form.py HTTP/1.1" 200 3570
::1 - - [20/Nov/2019:12:21:07 -0500] "POST /cgi-bin/form.py HTTP/1.1" 200 3567
::1 - - [20/Nov/2019:12:22:24 -0500] "POST /cgi-bin/form.py HTTP/1.1" 200 3573
::1 - - [20/Nov/2019:12:22:41 -0500] "POST /cgi-bin/form.py HTTP/1.1" 200 3594
::1 - - [20/Nov/2019:15:00:28 -0500] "GET /CGI_test.html HTTP/1.1" 304 -
::1 - - [20/Nov/2019:15:01:11 -0500] "POST /cgi-bin/form.py HTTP/1.1" 200 3594
::1 - - [20/Nov/2019:15:15:05 -0500] "POST /cgi-bin/form.py HTTP/1.1" 200 3594
::1 - - [20/Nov/2019:16:40:52 -0500] "POST /cgi-bin/form.py HTTP/1.1" 200 3705
::1 - - [22/Nov/2019:13:18:59 -0500] "GET / HTTP/1.1" 200 46
::1 - - [22/Nov/2019:13:19:05 -0500] "GET /test.html HTTP/1.1" 200 1686
::1 - - [22/Nov/2019:13:19:05 -0500] "GET /index.css HTTP/1.1" 404 196
::1 - - [22/Nov/2019:13:19:09 -0500] "POST /cgi-bin/form.py HTTP/1.1" 200 3813
::1 - - [22/Nov/2019:13:19:45 -0500] "GET /test.html HTTP/1.1" 200 1702
::1 - - [22/Nov/2019:13:19:45 -0500] "GET /index.css HTTP/1.1" 404 196
::1 - - [22/Nov/2019:13:29:32 -0500] "GET /test.html HTTP/1.1" 200 1719
::1 - - [22/Nov/2019:13:29:32 -0500] "GET /index.css HTTP/1.1" 404 196
::1 - - [22/Nov/2019:13:30:19 -0500] "GET /test.html HTTP/1.1" 200 1685
::1 - - [22/Nov/2019:13:30:19 -0500] "GET /index.css HTTP/1.1" 404 196
::1 - - [22/Nov/2019:13:30:44 -0500] "GET /test.html HTTP/1.1" 200 1685
::1 - - [22/Nov/2019:13:30:44 -0500] "GET /index.css HTTP/1.1" 404 196
::1 - - [22/Nov/2019:13:31:52 -0500] "GET /test.html HTTP/1.1" 200 1686
::1 - - [22/Nov/2019:13:31:52 -0500] "GET /index.css HTTP/1.1" 404 196
::1 - - [22/Nov/2019:13:31:55 -0500] "POST /cgi-bin/form.py HTTP/1.1" 200 64
::1 - - [22/Nov/2019:13:32:28 -0500] "GET /test.html HTTP/1.1" 200 1624
::1 - - [22/Nov/2019:13:32:28 -0500] "GET /index.css HTTP/1.1" 404 196
::1 - - [22/Nov/2019:13:32:32 -0500] "POST /cgi-bin/form.py HTTP/1.1" 200 64
::1 - - [22/Nov/2019:13:34:14 -0500] "POST /cgi-bin/form.py HTTP/1.1" 200 2977
::1 - - [22/Nov/2019:13:39:04 -0500] "GET /test.html HTTP/1.1" 200 1692
::1 - - [22/Nov/2019:13:39:04 -0500] "GET /index.css HTTP/1.1" 404 196
::1 - - [22/Nov/2019:13:39:06 -0500] "POST /cgi-bin/form.py HTTP/1.1" 200 2977
::1 - - [22/Nov/2019:15:07:04 -0500] "GET /test.html HTTP/1.1" 304 -
::1 - - [22/Nov/2019:15:07:04 -0500] "GET /index.css HTTP/1.1" 404 196
::1 - - [22/Nov/2019:15:07:07 -0500] "POST /cgi-bin/form.py HTTP/1.1" 200 2977
::1 - - [22/Nov/2019:15:41:54 -0500] "GET /test.html HTTP/1.1" 200 2208
::1 - - [22/Nov/2019:15:41:54 -0500] "GET /index.css HTTP/1.1" 404 196
::1 - - [22/Nov/2019:15:42:02 -0500] "POST /form.py HTTP/1.1" 403 199
::1 - - [22/Nov/2019:15:42:06 -0500] "GET /index.css HTTP/1.1" 404 196
::1 - - [22/Nov/2019:15:42:56 -0500] "GET /test.html HTTP/1.1" 200 2228
::1 - - [22/Nov/2019:15:42:56 -0500] "GET /index.css HTTP/1.1" 404 196
::1 - - [22/Nov/2019:15:43:05 -0500] "POST /form.py HTTP/1.1" 403 199
::1 - - [22/Nov/2019:15:43:07 -0500] "GET /index.css HTTP/1.1" 404 196
::1 - - [22/Nov/2019:15:43:36 -0500] "GET /test.html HTTP/1.1" 200 2221
::1 - - [22/Nov/2019:15:43:36 -0500] "GET /index.css HTTP/1.1" 404 196
::1 - - [22/Nov/2019:15:46:00 -0500] "GET /test.html HTTP/1.1" 200 2227
::1 - - [22/Nov/2019:15:46:00 -0500] "GET /index.css HTTP/1.1" 404 196
::1 - - [22/Nov/2019:15:46:58 -0500] "GET /test.html HTTP/1.1" 200 2246
::1 - - [22/Nov/2019:15:46:58 -0500] "GET /index.css HTTP/1.1" 404 196
::1 - - [22/Nov/2019:15:47:04 -0500] "POST /test.html HTTP/1.1" 200 2246
::1 - - [22/Nov/2019:15:47:04 -0500] "GET /index.css HTTP/1.1" 404 196
::1 - - [22/Nov/2019:15:47:08 -0500] "POST /test.html HTTP/1.1" 200 2246
::1 - - [22/Nov/2019:15:47:08 -0500] "GET /index.css HTTP/1.1" 404 196
::1 - - [22/Nov/2019:15:48:10 -0500] "GET /test.html HTTP/1.1" 200 2256
::1 - - [22/Nov/2019:15:48:10 -0500] "GET /index.css HTTP/1.1" 404 196
::1 - - [22/Nov/2019:15:48:14 -0500] "POST /test.html HTTP/1.1" 200 2256
::1 - - [22/Nov/2019:15:48:14 -0500] "GET /index.css HTTP/1.1" 404 196
::1 - - [22/Nov/2019:15:48:18 -0500] "POST /test.html HTTP/1.1" 200 2256
::1 - - [22/Nov/2019:15:48:18 -0500] "GET /index.css HTTP/1.1" 404 196
::1 - - [22/Nov/2019:15:48:55 -0500] "GET /test.html HTTP/1.1" 200 2246
::1 - - [22/Nov/2019:15:48:55 -0500] "GET /index.css HTTP/1.1" 404 196
::1 - - [22/Nov/2019:15:48:59 -0500] "POST /test.html HTTP/1.1" 200 2246
::1 - - [22/Nov/2019:15:48:59 -0500] "GET /index.css HTTP/1.1" 404 196
::1 - - [22/Nov/2019:15:49:49 -0500] "GET /test.html HTTP/1.1" 200 2226
::1 - - [22/Nov/2019:15:49:49 -0500] "GET /index.css HTTP/1.1" 404 196
::1 - - [22/Nov/2019:15:49:56 -0500] "POST /test.html HTTP/1.1" 200 2226
::1 - - [22/Nov/2019:15:49:56 -0500] "GET /index.css HTTP/1.1" 404 196
::1 - - [22/Nov/2019:15:50:46 -0500] "GET /test.html HTTP/1.1" 200 2225
::1 - - [22/Nov/2019:15:50:46 -0500] "GET /index.css HTTP/1.1" 404 196
::1 - - [22/Nov/2019:15:50:51 -0500] "POST /test.html HTTP/1.1" 200 2225
::1 - - [22/Nov/2019:15:50:51 -0500] "GET /index.css HTTP/1.1" 404 196
::1 - - [22/Nov/2019:15:53:00 -0500] "GET /test.html HTTP/1.1" 200 2229
::1 - - [22/Nov/2019:15:53:00 -0500] "GET /index.css HTTP/1.1" 404 196
::1 - - [22/Nov/2019:15:54:36 -0500] "GET /test.html HTTP/1.1" 200 2243
::1 - - [22/Nov/2019:15:54:36 -0500] "GET /index.css HTTP/1.1" 404 196
::1 - - [22/Nov/2019:15:54:41 -0500] "POST /test.html HTTP/1.1" 200 2243
::1 - - [22/Nov/2019:15:54:41 -0500] "GET /index.css HTTP/1.1" 404 196
::1 - - [22/Nov/2019:15:58:27 -0500] "GET /test.html HTTP/1.1" 200 1997
::1 - - [22/Nov/2019:15:58:27 -0500] "GET /index.css HTTP/1.1" 404 196
::1 - - [22/Nov/2019:15:58:30 -0500] "POST /test.html HTTP/1.1" 200 1997
::1 - - [22/Nov/2019:15:58:30 -0500] "GET /index.css HTTP/1.1" 404 196
::1 - - [22/Nov/2019:15:58:36 -0500] "POST /test.html HTTP/1.1" 200 1997
::1 - - [22/Nov/2019:15:58:36 -0500] "GET /index.css HTTP/1.1" 404 196
::1 - - [22/Nov/2019:15:59:20 -0500] "GET /test.html HTTP/1.1" 200 1998
::1 - - [22/Nov/2019:15:59:20 -0500] "GET /index.css HTTP/1.1" 404 196
::1 - - [22/Nov/2019:15:59:23 -0500] "POST /test.html HTTP/1.1" 200 1998
::1 - - [22/Nov/2019:15:59:23 -0500] "GET /index.css HTTP/1.1" 404 196
::1 - - [22/Nov/2019:15:59:53 -0500] "GET /test.html HTTP/1.1" 200 2019
::1 - - [22/Nov/2019:15:59:53 -0500] "GET /index.css HTTP/1.1" 404 196
::1 - - [22/Nov/2019:15:59:56 -0500] "POST /test.html HTTP/1.1" 200 2019
::1 - - [22/Nov/2019:15:59:56 -0500] "GET /index.css HTTP/1.1" 404 196
::1 - - [22/Nov/2019:16:01:44 -0500] "GET /test.html HTTP/1.1" 200 1734
::1 - - [22/Nov/2019:16:01:44 -0500] "GET /index.css HTTP/1.1" 404 196
::1 - - [22/Nov/2019:16:01:48 -0500] "POST /cgi-bin/form.py HTTP/1.1" 200 2977
::1 - - [22/Nov/2019:16:01:55 -0500] "GET /test.html HTTP/1.1" 304 -
::1 - - [22/Nov/2019:16:01:55 -0500] "GET /index.css HTTP/1.1" 404 196
::1 - - [22/Nov/2019:16:02:18 -0500] "POST /cgi-bin/form.py HTTP/1.1" 200 2977
::1 - - [22/Nov/2019:16:05:23 -0500] "GET /test3.html HTTP/1.1" 200 1790
::1 - - [22/Nov/2019:16:05:23 -0500] "GET /index.css HTTP/1.1" 404 196
::1 - - [22/Nov/2019:16:06:36 -0500] "GET /test3.html HTTP/1.1" 200 1822
::1 - - [22/Nov/2019:16:06:36 -0500] "GET /index.css HTTP/1.1" 404 196
::1 - - [22/Nov/2019:16:06:40 -0500] "POST /cgi-bin/form.py HTTP/1.1" 200 2977
::1 - - [22/Nov/2019:16:08:28 -0500] "GET /test3.html HTTP/1.1" 200 1828
::1 - - [22/Nov/2019:16:08:28 -0500] "GET /index.css HTTP/1.1" 404 196
::1 - - [22/Nov/2019:16:08:32 -0500] "POST /cgi-bin/form.py HTTP/1.1" 200 2977
::1 - - [22/Nov/2019:16:09:04 -0500] "GET /test3.html HTTP/1.1" 200 1844
::1 - - [22/Nov/2019:16:09:04 -0500] "GET /index.css HTTP/1.1" 404 196
::1 - - [22/Nov/2019:16:09:06 -0500] "POST /cgi-bin/form.py HTTP/1.1" 200 2977
::1 - - [22/Nov/2019:16:09:24 -0500] "POST /cgi-bin/form.py HTTP/1.1" 200 3603
::1 - - [22/Nov/2019:16:09:34 -0500] "POST /cgi-bin/form.py HTTP/1.1" 200 2977
::1 - - [22/Nov/2019:16:09:57 -0500] "POST /cgi-bin/form.py HTTP/1.1" 200 3603
::1 - - [22/Nov/2019:16:10:01 -0500] "POST /cgi-bin/form.py HTTP/1.1" 200 3810
::1 - - [22/Nov/2019:16:10:06 -0500] "POST /cgi-bin/form.py HTTP/1.1" 200 3297
::1 - - [22/Nov/2019:16:16:44 -0500] "GET /test3.html HTTP/1.1" 200 2052
::1 - - [22/Nov/2019:16:16:44 -0500] "GET /index.css HTTP/1.1" 404 196
::1 - - [22/Nov/2019:16:18:51 -0500] "GET /test3.html HTTP/1.1" 200 2077
::1 - - [22/Nov/2019:16:18:51 -0500] "GET /index.css HTTP/1.1" 404 196
::1 - - [22/Nov/2019:16:21:20 -0500] "GET /test3.html HTTP/1.1" 200 1885
::1 - - [22/Nov/2019:16:21:20 -0500] "GET /index.css HTTP/1.1" 404 196
::1 - - [22/Nov/2019:16:21:42 -0500] "GET /test3.html HTTP/1.1" 200 1850
::1 - - [22/Nov/2019:16:21:42 -0500] "GET /index.css HTTP/1.1" 404 196
::1 - - [22/Nov/2019:16:22:40 -0500] "GET /test3.html HTTP/1.1" 200 1844
::1 - - [22/Nov/2019:16:22:40 -0500] "GET /index.css HTTP/1.1" 404 196
::1 - - [22/Nov/2019:16:22:41 -0500] "POST /cgi-bin/form.py HTTP/1.1" 200 2977
::1 - - [22/Nov/2019:16:41:53 -0500] "POST /cgi-bin/form.py HTTP/1.1" 200 4236
::1 - - [22/Nov/2019:16:42:53 -0500] "-" 408 -
::1 - - [22/Nov/2019:16:43:11 -0500] "POST /cgi-bin/form.py HTTP/1.1" 200 5371
::1 - - [22/Nov/2019:16:43:33 -0500] "POST /cgi-bin/form.py HTTP/1.1" 200 3994
::1 - - [22/Nov/2019:16:43:58 -0500] "POST /cgi-bin/form.py HTTP/1.1" 200 4076
::1 - - [22/Nov/2019:16:44:09 -0500] "POST /cgi-bin/form.py HTTP/1.1" 200 8183
::1 - - [22/Nov/2019:16:44:27 -0500] "POST /cgi-bin/form.py HTTP/1.1" 200 8183
::1 - - [22/Nov/2019:16:44:44 -0500] "GET /test3.html HTTP/1.1" 200 1844
::1 - - [22/Nov/2019:16:44:44 -0500] "GET /index.css HTTP/1.1" 404 196
::1 - - [22/Nov/2019:16:44:46 -0500] "POST /cgi-bin/form.py HTTP/1.1" 200 4076
::1 - - [22/Nov/2019:16:48:35 -0500] "GET /search.html HTTP/1.1" 200 1845
::1 - - [22/Nov/2019:16:48:35 -0500] "GET /search.css HTTP/1.1" 200 1461
::1 - - [22/Nov/2019:16:48:39 -0500] "POST /cgi-bin/form.py HTTP/1.1" 200 4076
::1 - - [22/Nov/2019:16:49:35 -0500] "-" 408 -
::1 - - [22/Nov/2019:16:51:03 -0500] "GET /search.html HTTP/1.1" 304 -
::1 - - [22/Nov/2019:16:51:03 -0500] "GET /search.css HTTP/1.1" 200 1459
::1 - - [22/Nov/2019:16:51:04 -0500] "POST /cgi-bin/form.py HTTP/1.1" 200 4076
::1 - - [22/Nov/2019:16:52:52 -0500] "POST /cgi-bin/form.py HTTP/1.1" 200 4876
::1 - - [22/Nov/2019:16:53:06 -0500] "POST /cgi-bin/form.py HTTP/1.1" 200 4876
::1 - - [22/Nov/2019:16:53:10 -0500] "POST /cgi-bin/form.py HTTP/1.1" 200 4876
::1 - - [22/Nov/2019:16:53:11 -0500] "GET /search.html HTTP/1.1" 304 -
::1 - - [22/Nov/2019:16:53:11 -0500] "GET /search.css HTTP/1.1" 304 -
::1 - - [22/Nov/2019:16:53:12 -0500] "POST /cgi-bin/form.py HTTP/1.1" 200 4876
::1 - - [22/Nov/2019:16:54:04 -0500] "GET /search.html HTTP/1.1" 304 -
::1 - - [22/Nov/2019:16:54:04 -0500] "GET /search.css HTTP/1.1" 304 -
::1 - - [22/Nov/2019:16:54:05 -0500] "POST /cgi-bin/form.py HTTP/1.1" 200 5526
::1 - - [22/Nov/2019:16:56:20 -0500] "POST /cgi-bin/form.py HTTP/1.1" 200 5926
::1 - - [22/Nov/2019:16:56:22 -0500] "GET /search.html HTTP/1.1" 304 -
::1 - - [22/Nov/2019:16:56:22 -0500] "GET /search.css HTTP/1.1" 304 -
::1 - - [22/Nov/2019:16:56:23 -0500] "POST /cgi-bin/form.py HTTP/1.1" 200 5926
::1 - - [22/Nov/2019:16:56:24 -0500] "GET /test3.html HTTP/1.1" 200 1845
::1 - - [22/Nov/2019:16:56:33 -0500] "GET /test.html HTTP/1.1" 200 1734
::1 - - [22/Nov/2019:16:56:33 -0500] "GET /index.css HTTP/1.1" 404 196
::1 - - [22/Nov/2019:16:56:38 -0500] "POST /cgi-bin/form.py HTTP/1.1" 200 5926
::1 - - [22/Nov/2019:16:59:18 -0500] "GET /search.html HTTP/1.1" 304 -
::1 - - [22/Nov/2019:16:59:18 -0500] "GET /search.css HTTP/1.1" 304 -
::1 - - [22/Nov/2019:16:59:19 -0500] "POST /cgi-bin/form.py HTTP/1.1" 200 4430
::1 - - [22/Nov/2019:16:59:36 -0500] "POST /cgi-bin/form.py HTTP/1.1" 200 6526
::1 - - [22/Nov/2019:16:59:38 -0500] "GET /foodpage.html?id=167643target=_self HTTP/1.1" 404 196
::1 - - [22/Nov/2019:17:00:52 -0500] "POST /cgi-bin/form.py HTTP/1.1" 200 6526
::1 - - [22/Nov/2019:17:00:53 -0500] "POST /cgi-bin/form.py HTTP/1.1" 200 6526
::1 - - [22/Nov/2019:17:00:53 -0500] "POST /cgi-bin/form.py HTTP/1.1" 200 6526
::1 - - [22/Nov/2019:17:00:58 -0500] "GET /foodpage.html?id=167643 HTTP/1.1" 404 196
::1 - - [22/Nov/2019:17:01:13 -0500] "POST /cgi-bin/form.py HTTP/1.1" 200 6526
::1 - - [22/Nov/2019:17:01:34 -0500] "GET /foodpage.html?id=167643 HTTP/1.1" 404 196
::1 - - [22/Nov/2019:17:01:40 -0500] "POST /cgi-bin/form.py HTTP/1.1" 200 6526
::1 - - [22/Nov/2019:17:04:17 -0500] "POST /cgi-bin/form.py HTTP/1.1" 200 6876
::1 - - [22/Nov/2019:17:04:23 -0500] "GET /search.html HTTP/1.1" 304 -
::1 - - [22/Nov/2019:17:04:23 -0500] "GET /search.css HTTP/1.1" 304 -
::1 - - [22/Nov/2019:17:04:25 -0500] "POST /cgi-bin/form.py HTTP/1.1" 200 6876
::1 - - [22/Nov/2019:17:04:50 -0500] "POST /cgi-bin/form.py HTTP/1.1" 200 6876
::1 - - [22/Nov/2019:17:04:56 -0500] "POST /cgi-bin/form.py HTTP/1.1" 200 6876
::1 - - [22/Nov/2019:17:04:57 -0500] "GET /search.html HTTP/1.1" 304 -
::1 - - [22/Nov/2019:17:04:57 -0500] "GET /search.css HTTP/1.1" 304 -
::1 - - [22/Nov/2019:17:04:58 -0500] "POST /cgi-bin/form.py HTTP/1.1" 200 6876
::1 - - [22/Nov/2019:17:05:23 -0500] "POST /cgi-bin/form.py HTTP/1.1" 200 6826
::1 - - [22/Nov/2019:17:10:37 -0500] "GET /search.html HTTP/1.1" 200 1847
::1 - - [22/Nov/2019:17:10:37 -0500] "GET /search.css HTTP/1.1" 304 -
::1 - - [22/Nov/2019:17:10:38 -0500] "POST /cgi-bin/search.py HTTP/1.1" 200 6826
::1 - - [25/Nov/2019:16:42:29 -0500] "GET /search.html HTTP/1.1" 200 1847
::1 - - [25/Nov/2019:16:42:29 -0500] "GET /search.css HTTP/1.1" 200 1459
::1 - - [25/Nov/2019:16:42:31 -0500] "POST /cgi-bin/search.py HTTP/1.1" 200 6826
::1 - - [25/Nov/2019:16:47:26 -0500] "GET /search2.html HTTP/1.1" 200 1870
::1 - - [25/Nov/2019:16:47:29 -0500] "GET /search2.html HTTP/1.1" 304 -
::1 - - [25/Nov/2019:16:47:29 -0500] "GET /search.css HTTP/1.1" 304 -
::1 - - [25/Nov/2019:16:47:30 -0500] "POST /cgi-bin/search.py HTTP/1.1" 200 6826
::1 - - [25/Nov/2019:16:49:06 -0500] "GET /search2.html HTTP/1.1" 200 1742
::1 - - [25/Nov/2019:16:49:07 -0500] "POST /cgi-bin/search.py HTTP/1.1" 200 6826
::1 - - [25/Nov/2019:16:49:12 -0500] "GET /search2.html HTTP/1.1" 304 -
::1 - - [25/Nov/2019:16:49:12 -0500] "POST /cgi-bin/search.py HTTP/1.1" 200 6826
::1 - - [25/Nov/2019:16:52:11 -0500] "GET /search2.html?=egg HTTP/1.1" 200 1782
::1 - - [25/Nov/2019:16:56:21 -0500] "GET /search2.html?query=egg HTTP/1.1" 200 1782
::1 - - [25/Nov/2019:16:57:09 -0500] "GET /search2.html?query=egg HTTP/1.1" 200 1821
::1 - - [25/Nov/2019:16:57:09 -0500] "GET /search.css HTTP/1.1" 304 -
::1 - - [25/Nov/2019:16:57:12 -0500] "POST /cgi-bin/search.py HTTP/1.1" 200 6826
::1 - - [25/Nov/2019:16:57:20 -0500] "GET /search2.html?query=chicken HTTP/1.1" 200 1821
::1 - - [25/Nov/2019:16:57:23 -0500] "POST /cgi-bin/search.py HTTP/1.1" 200 7449
::1 - - [25/Nov/2019:16:57:36 -0500] "GET /search2.html?query=chicken HTTP/1.1" 304 -
::1 - - [25/Nov/2019:16:57:36 -0500] "GET /search.css HTTP/1.1" 304 -
::1 - - [25/Nov/2019:16:57:40 -0500] "POST /cgi-bin/search.py HTTP/1.1" 200 7449
::1 - - [25/Nov/2019:16:58:16 -0500] "GET /search2.html?query=egg HTTP/1.1" 304 -
::1 - - [25/Nov/2019:16:58:18 -0500] "POST /cgi-bin/search.py HTTP/1.1" 200 6826
::1 - - [25/Nov/2019:16:58:54 -0500] "GET /search2.html?query=egg HTTP/1.1" 200 1820
::1 - - [25/Nov/2019:16:58:54 -0500] "GET /search.css HTTP/1.1" 304 -
::1 - - [25/Nov/2019:16:58:58 -0500] "GET /cgi-bin/search.py?query=egg HTTP/1.1" 200 6826
::1 - - [25/Nov/2019:16:59:23 -0500] "GET /search2.html?query=chicken HTTP/1.1" 200 1821
::1 - - [25/Nov/2019:16:59:25 -0500] "POST /cgi-bin/search.py HTTP/1.1" 200 7449
::1 - - [25/Nov/2019:17:00:30 -0500] "GET /search2.html?query=egg HTTP/1.1" 200 1821
::1 - - [25/Nov/2019:17:00:34 -0500] "POST /cgi-bin/search.py HTTP/1.1" 200 6826
::1 - - [25/Nov/2019:17:17:29 -0500] "GET /search2.html?query=egg HTTP/1.1" 304 -
::1 - - [25/Nov/2019:17:17:33 -0500] "POST /cgi-bin/search.py HTTP/1.1" 200 6826
::1 - - [25/Nov/2019:17:17:37 -0500] "GET /foodpage.html?id=167643 HTTP/1.1" 404 196
::1 - - [25/Nov/2019:17:17:42 -0500] "POST /cgi-bin/search.py HTTP/1.1" 200 6826
::1 - - [02/Dec/2019:00:01:47 -0500] "GET /explore.html HTTP/1.1" 200 1822
::1 - - [02/Dec/2019:00:01:47 -0500] "GET /search.css HTTP/1.1" 200 1459
::1 - - [02/Dec/2019:00:01:53 -0500] "POST /cgi-bin/explore.py HTTP/1.1" 200 429
::1 - - [02/Dec/2019:00:02:10 -0500] "GET /explore.html HTTP/1.1" 304 -
::1 - - [02/Dec/2019:00:02:10 -0500] "GET /search.css HTTP/1.1" 304 -
::1 - - [02/Dec/2019:00:02:14 -0500] "POST /cgi-bin/explore.py HTTP/1.1" 200 354
::1 - - [02/Dec/2019:00:03:10 -0500] "-" 408 -
::1 - - [02/Dec/2019:00:05:00 -0500] "GET /explore.html HTTP/1.1" 200 1859
::1 - - [02/Dec/2019:00:05:00 -0500] "GET /search.css HTTP/1.1" 304 -
::1 - - [02/Dec/2019:00:05:01 -0500] "POST /cgi-bin/explore.py HTTP/1.1" 200 442
::1 - - [02/Dec/2019:00:05:03 -0500] "POST /cgi-bin/explore.py HTTP/1.1" 200 398
::1 - - [02/Dec/2019:00:05:04 -0500] "POST /cgi-bin/explore.py HTTP/1.1" 200 428
::1 - - [02/Dec/2019:00:05:04 -0500] "POST /cgi-bin/explore.py HTTP/1.1" 200 350
::1 - - [02/Dec/2019:00:05:05 -0500] "POST /cgi-bin/explore.py HTTP/1.1" 200 385
::1 - - [02/Dec/2019:00:05:05 -0500] "POST /cgi-bin/explore.py HTTP/1.1" 200 383
::1 - - [02/Dec/2019:00:05:06 -0500] "POST /cgi-bin/explore.py HTTP/1.1" 200 372
::1 - - [02/Dec/2019:00:05:06 -0500] "POST /cgi-bin/explore.py HTTP/1.1" 200 443
::1 - - [02/Dec/2019:00:05:07 -0500] "POST /cgi-bin/explore.py HTTP/1.1" 200 407
::1 - - [02/Dec/2019:00:05:08 -0500] "POST /cgi-bin/explore.py HTTP/1.1" 200 416
::1 - - [02/Dec/2019:00:05:08 -0500] "POST /cgi-bin/explore.py HTTP/1.1" 200 430
::1 - - [02/Dec/2019:00:05:09 -0500] "POST /cgi-bin/explore.py HTTP/1.1" 200 394
::1 - - [02/Dec/2019:00:05:10 -0500] "POST /cgi-bin/explore.py HTTP/1.1" 200 325
::1 - - [02/Dec/2019:00:05:11 -0500] "POST /cgi-bin/explore.py HTTP/1.1" 200 445
::1 - - [02/Dec/2019:00:05:12 -0500] "POST /cgi-bin/explore.py HTTP/1.1" 200 470
::1 - - [02/Dec/2019:14:56:58 -0500] "GET /explore.html HTTP/1.1" 304 -
::1 - - [02/Dec/2019:14:57:03 -0500] "POST /cgi-bin/explore.py HTTP/1.1" 200 359
::1 - - [02/Dec/2019:14:57:05 -0500] "POST /cgi-bin/explore.py HTTP/1.1" 200 451
::1 - - [02/Dec/2019:14:57:06 -0500] "POST /cgi-bin/explore.py HTTP/1.1" 200 394
::1 - - [02/Dec/2019:14:57:06 -0500] "POST /cgi-bin/explore.py HTTP/1.1" 200 379
::1 - - [02/Dec/2019:14:57:07 -0500] "POST /cgi-bin/explore.py HTTP/1.1" 200 463
::1 - - [02/Dec/2019:14:57:07 -0500] "POST /cgi-bin/explore.py HTTP/1.1" 200 490
::1 - - [02/Dec/2019:14:57:08 -0500] "POST /cgi-bin/explore.py HTTP/1.1" 200 373
::1 - - [02/Dec/2019:14:57:16 -0500] "POST /cgi-bin/explore.py HTTP/1.1" 200 436
::1 - - [02/Dec/2019:14:57:17 -0500] "POST /cgi-bin/explore.py HTTP/1.1" 200 397
::1 - - [02/Dec/2019:14:57:17 -0500] "POST /cgi-bin/explore.py HTTP/1.1" 200 465
::1 - - [02/Dec/2019:14:57:17 -0500] "POST /cgi-bin/explore.py HTTP/1.1" 200 471
::1 - - [02/Dec/2019:14:57:18 -0500] "POST /cgi-bin/explore.py HTTP/1.1" 200 467
::1 - - [02/Dec/2019:14:57:19 -0500] "POST /cgi-bin/explore.py HTTP/1.1" 200 379
::1 - - [02/Dec/2019:14:57:19 -0500] "POST /cgi-bin/explore.py HTTP/1.1" 200 414
::1 - - [02/Dec/2019:14:57:20 -0500] "POST /cgi-bin/explore.py HTTP/1.1" 200 465
::1 - - [02/Dec/2019:14:57:20 -0500] "POST /cgi-bin/explore.py HTTP/1.1" 200 370
::1 - - [02/Dec/2019:14:57:21 -0500] "POST /cgi-bin/explore.py HTTP/1.1" 200 450
::1 - - [02/Dec/2019:14:57:21 -0500] "POST /cgi-bin/explore.py HTTP/1.1" 200 429
::1 - - [02/Dec/2019:14:57:21 -0500] "POST /cgi-bin/explore.py HTTP/1.1" 200 419
::1 - - [02/Dec/2019:14:57:21 -0500] "POST /cgi-bin/explore.py HTTP/1.1" 200 412
::1 - - [02/Dec/2019:14:57:21 -0500] "POST /cgi-bin/explore.py HTTP/1.1" 200 469
::1 - - [02/Dec/2019:14:57:21 -0500] "POST /cgi-bin/explore.py HTTP/1.1" 200 400
::1 - - [02/Dec/2019:14:57:22 -0500] "POST /cgi-bin/explore.py HTTP/1.1" 200 408
::1 - - [02/Dec/2019:14:57:22 -0500] "POST /cgi-bin/explore.py HTTP/1.1" 200 396
::1 - - [02/Dec/2019:14:57:22 -0500] "POST /cgi-bin/explore.py HTTP/1.1" 200 506
::1 - - [02/Dec/2019:14:57:22 -0500] "POST /cgi-bin/explore.py HTTP/1.1" 200 511
::1 - - [02/Dec/2019:14:57:22 -0500] "POST /cgi-bin/explore.py HTTP/1.1" 200 420
::1 - - [02/Dec/2019:14:57:22 -0500] "POST /cgi-bin/explore.py HTTP/1.1" 200 443
::1 - - [02/Dec/2019:14:57:22 -0500] "POST /cgi-bin/explore.py HTTP/1.1" 200 401
::1 - - [02/Dec/2019:14:57:23 -0500] "POST /cgi-bin/explore.py HTTP/1.1" 200 431
::1 - - [02/Dec/2019:14:57:23 -0500] "POST /cgi-bin/explore.py HTTP/1.1" 200 423
::1 - - [02/Dec/2019:14:57:23 -0500] "POST /cgi-bin/explore.py HTTP/1.1" 200 447
::1 - - [02/Dec/2019:14:57:23 -0500] "POST /cgi-bin/explore.py HTTP/1.1" 200 439
::1 - - [02/Dec/2019:14:57:23 -0500] "POST /cgi-bin/explore.py HTTP/1.1" 200 502
::1 - - [02/Dec/2019:14:57:23 -0500] "POST /cgi-bin/explore.py HTTP/1.1" 200 345
::1 - - [02/Dec/2019:14:57:24 -0500] "POST /cgi-bin/explore.py HTTP/1.1" 200 446
::1 - - [02/Dec/2019:14:57:24 -0500] "POST /cgi-bin/explore.py HTTP/1.1" 200 432
::1 - - [02/Dec/2019:14:57:24 -0500] "POST /cgi-bin/explore.py HTTP/1.1" 200 430
::1 - - [02/Dec/2019:14:57:24 -0500] "POST /cgi-bin/explore.py HTTP/1.1" 200 425
::1 - - [02/Dec/2019:14:57:24 -0500] "POST /cgi-bin/explore.py HTTP/1.1" 200 358
::1 - - [02/Dec/2019:15:12:02 -0500] "GET /explore.html HTTP/1.1" 304 -
::1 - - [02/Dec/2019:15:12:03 -0500] "GET /search.css HTTP/1.1" 304 -
::1 - - [02/Dec/2019:15:11:57 -0500] "POST /cgi-bin/explore.py HTTP/1.1" 200 481
::1 - - [02/Dec/2019:15:11:56 -0500] "POST /cgi-bin/explore.py HTTP/1.1" 200 351
::1 - - [02/Dec/2019:15:11:57 -0500] "POST /cgi-bin/explore.py HTTP/1.1" 200 456
::1 - - [02/Dec/2019:15:11:57 -0500] "POST /cgi-bin/explore.py HTTP/1.1" 200 447
::1 - - [02/Dec/2019:15:12:01 -0500] "POST /cgi-bin/explore.py HTTP/1.1" 200 408
::1 - - [02/Dec/2019:15:12:01 -0500] "POST /cgi-bin/explore.py HTTP/1.1" 200 338
::1 - - [02/Dec/2019:15:12:01 -0500] "POST /cgi-bin/explore.py HTTP/1.1" 200 381
::1 - - [02/Dec/2019:15:11:57 -0500] "POST /cgi-bin/explore.py HTTP/1.1" 200 399
::1 - - [02/Dec/2019:15:12:00 -0500] "POST /cgi-bin/explore.py HTTP/1.1" 200 410
::1 - - [02/Dec/2019:15:12:01 -0500] "POST /cgi-bin/explore.py HTTP/1.1" 200 352
::1 - - [02/Dec/2019:15:11:57 -0500] "POST /cgi-bin/explore.py HTTP/1.1" 200 395
::1 - - [02/Dec/2019:15:12:00 -0500] "POST /cgi-bin/explore.py HTTP/1.1" 200 367
::1 - - [02/Dec/2019:15:12:06 -0500] "POST /cgi-bin/explore.py HTTP/1.1" 200 457
::1 - - [02/Dec/2019:15:12:07 -0500] "POST /cgi-bin/explore.py HTTP/1.1" 200 370
::1 - - [02/Dec/2019:15:12:07 -0500] "POST /cgi-bin/explore.py HTTP/1.1" 200 434
::1 - - [02/Dec/2019:15:12:07 -0500] "POST /cgi-bin/explore.py HTTP/1.1" 200 382
::1 - - [02/Dec/2019:15:12:07 -0500] "POST /cgi-bin/explore.py HTTP/1.1" 200 428
::1 - - [02/Dec/2019:15:12:08 -0500] "POST /cgi-bin/explore.py HTTP/1.1" 200 359
::1 - - [02/Dec/2019:15:12:08 -0500] "POST /cgi-bin/explore.py HTTP/1.1" 200 370
::1 - - [02/Dec/2019:15:12:08 -0500] "POST /cgi-bin/explore.py HTTP/1.1" 200 422
::1 - - [02/Dec/2019:15:12:08 -0500] "POST /cgi-bin/explore.py HTTP/1.1" 200 397
::1 - - [02/Dec/2019:15:12:08 -0500] "POST /cgi-bin/explore.py HTTP/1.1" 200 433
::1 - - [02/Dec/2019:15:12:09 -0500] "POST /cgi-bin/explore.py HTTP/1.1" 200 386
::1 - - [02/Dec/2019:15:12:09 -0500] "POST /cgi-bin/explore.py HTTP/1.1" 200 394
::1 - - [02/Dec/2019:15:12:09 -0500] "POST /cgi-bin/explore.py HTTP/1.1" 200 408
::1 - - [02/Dec/2019:15:12:09 -0500] "POST /cgi-bin/explore.py HTTP/1.1" 200 415
::1 - - [02/Dec/2019:15:12:09 -0500] "POST /cgi-bin/explore.py HTTP/1.1" 200 473
::1 - - [02/Dec/2019:15:12:10 -0500] "POST /cgi-bin/explore.py HTTP/1.1" 200 461
::1 - - [02/Dec/2019:15:12:10 -0500] "POST /cgi-bin/explore.py HTTP/1.1" 200 376
::1 - - [02/Dec/2019:15:12:10 -0500] "POST /cgi-bin/explore.py HTTP/1.1" 200 390
::1 - - [02/Dec/2019:15:12:10 -0500] "POST /cgi-bin/explore.py HTTP/1.1" 200 379
::1 - - [02/Dec/2019:15:12:10 -0500] "POST /cgi-bin/explore.py HTTP/1.1" 200 401
::1 - - [02/Dec/2019:15:12:11 -0500] "POST /cgi-bin/explore.py HTTP/1.1" 200 463
::1 - - [02/Dec/2019:15:12:11 -0500] "POST /cgi-bin/explore.py HTTP/1.1" 200 367
::1 - - [02/Dec/2019:15:12:13 -0500] "POST /cgi-bin/explore.py HTTP/1.1" 200 449
::1 - - [02/Dec/2019:15:12:14 -0500] "POST /cgi-bin/explore.py HTTP/1.1" 200 397
::1 - - [02/Dec/2019:15:12:14 -0500] "POST /cgi-bin/explore.py HTTP/1.1" 200 413
::1 - - [02/Dec/2019:15:12:15 -0500] "POST /cgi-bin/explore.py HTTP/1.1" 200 465
::1 - - [02/Dec/2019:15:12:17 -0500] "POST /cgi-bin/explore.py HTTP/1.1" 200 385
::1 - - [02/Dec/2019:15:12:19 -0500] "POST /cgi-bin/explore.py HTTP/1.1" 200 395
::1 - - [02/Dec/2019:15:12:21 -0500] "POST /cgi-bin/explore.py HTTP/1.1" 200 415
::1 - - [02/Dec/2019:15:16:35 -0500] "POST /cgi-bin/explore.py HTTP/1.1" 200 406
::1 - - [02/Dec/2019:15:16:36 -0500] "POST /cgi-bin/explore.py HTTP/1.1" 200 516
::1 - - [02/Dec/2019:15:16:37 -0500] "POST /cgi-bin/explore.py HTTP/1.1" 200 410
::1 - - [02/Dec/2019:15:16:38 -0500] "POST /cgi-bin/explore.py HTTP/1.1" 200 468
::1 - - [02/Dec/2019:15:16:38 -0500] "POST /cgi-bin/explore.py HTTP/1.1" 200 420
::1 - - [02/Dec/2019:15:16:39 -0500] "POST /cgi-bin/explore.py HTTP/1.1" 200 454
::1 - - [02/Dec/2019:15:17:35 -0500] "-" 408 -
::1 - - [02/Dec/2019:15:17:37 -0500] "POST /cgi-bin/explore.py HTTP/1.1" 200 388
::1 - - [02/Dec/2019:15:17:37 -0500] "POST /cgi-bin/explore.py HTTP/1.1" 200 411
::1 - - [02/Dec/2019:15:17:38 -0500] "POST /cgi-bin/explore.py HTTP/1.1" 200 386
::1 - - [02/Dec/2019:15:17:38 -0500] "POST /cgi-bin/explore.py HTTP/1.1" 200 499
::1 - - [02/Dec/2019:15:17:38 -0500] "POST /cgi-bin/explore.py HTTP/1.1" 200 443
::1 - - [02/Dec/2019:15:17:39 -0500] "POST /cgi-bin/explore.py HTTP/1.1" 200 390
::1 - - [02/Dec/2019:15:17:39 -0500] "POST /cgi-bin/explore.py HTTP/1.1" 200 398
::1 - - [02/Dec/2019:15:17:39 -0500] "POST /cgi-bin/explore.py HTTP/1.1" 200 388
::1 - - [02/Dec/2019:15:17:39 -0500] "POST /cgi-bin/explore.py HTTP/1.1" 200 395
::1 - - [02/Dec/2019:15:17:40 -0500] "POST /cgi-bin/explore.py HTTP/1.1" 200 472
::1 - - [02/Dec/2019:15:17:40 -0500] "POST /cgi-bin/explore.py HTTP/1.1" 200 401
::1 - - [02/Dec/2019:15:17:40 -0500] "POST /cgi-bin/explore.py HTTP/1.1" 200 406
::1 - - [02/Dec/2019:15:17:40 -0500] "POST /cgi-bin/explore.py HTTP/1.1" 200 382
::1 - - [02/Dec/2019:15:17:40 -0500] "POST /cgi-bin/explore.py HTTP/1.1" 200 429
::1 - - [02/Dec/2019:15:17:50 -0500] "POST /cgi-bin/explore.py HTTP/1.1" 200 454
::1 - - [02/Dec/2019:15:17:50 -0500] "POST /cgi-bin/explore.py HTTP/1.1" 200 410
::1 - - [02/Dec/2019:15:17:50 -0500] "POST /cgi-bin/explore.py HTTP/1.1" 200 430
::1 - - [02/Dec/2019:15:18:44 -0500] "GET /search.css HTTP/1.1" 200 1459
::1 - - [02/Dec/2019:15:18:44 -0500] "GET /search.css HTTP/1.1" 200 1459
::1 - - [02/Dec/2019:16:01:57 -0500] "POST /cgi-bin/explore.py HTTP/1.1" 200 439
::1 - - [02/Dec/2019:16:01:59 -0500] "POST /cgi-bin/explore.py HTTP/1.1" 200 382
::1 - - [02/Dec/2019:16:02:00 -0500] "POST /cgi-bin/explore.py HTTP/1.1" 200 375
::1 - - [02/Dec/2019:16:02:02 -0500] "POST /cgi-bin/explore.py HTTP/1.1" 200 430
::1 - - [02/Dec/2019:16:02:02 -0500] "POST /cgi-bin/explore.py HTTP/1.1" 200 514
::1 - - [02/Dec/2019:16:02:03 -0500] "POST /cgi-bin/explore.py HTTP/1.1" 200 359
::1 - - [02/Dec/2019:16:02:05 -0500] "POST /cgi-bin/explore.py HTTP/1.1" 200 363
::1 - - [02/Dec/2019:16:02:06 -0500] "POST /cgi-bin/explore.py HTTP/1.1" 200 364
::1 - - [02/Dec/2019:16:02:07 -0500] "POST /cgi-bin/explore.py HTTP/1.1" 200 432
::1 - - [02/Dec/2019:16:02:08 -0500] "POST /cgi-bin/explore.py HTTP/1.1" 200 363
::1 - - [02/Dec/2019:16:02:09 -0500] "POST /cgi-bin/explore.py HTTP/1.1" 200 480
::1 - - [02/Dec/2019:16:02:10 -0500] "POST /cgi-bin/explore.py HTTP/1.1" 200 451
::1 - - [02/Dec/2019:16:02:11 -0500] "POST /cgi-bin/explore.py HTTP/1.1" 200 387
::1 - - [02/Dec/2019:16:02:12 -0500] "POST /cgi-bin/explore.py HTTP/1.1" 200 463
::1 - - [02/Dec/2019:16:02:12 -0500] "POST /cgi-bin/explore.py HTTP/1.1" 200 469
::1 - - [02/Dec/2019:16:02:13 -0500] "POST /cgi-bin/explore.py HTTP/1.1" 200 393
::1 - - [02/Dec/2019:16:02:14 -0500] "POST /cgi-bin/explore.py HTTP/1.1" 200 374
::1 - - [02/Dec/2019:16:02:14 -0500] "POST /cgi-bin/explore.py HTTP/1.1" 200 375
::1 - - [02/Dec/2019:16:02:15 -0500] "POST /cgi-bin/explore.py HTTP/1.1" 200 386
::1 - - [02/Dec/2019:16:02:15 -0500] "POST /cgi-bin/explore.py HTTP/1.1" 200 378
::1 - - [02/Dec/2019:16:02:16 -0500] "POST /cgi-bin/explore.py HTTP/1.1" 200 446
::1 - - [02/Dec/2019:16:02:16 -0500] "POST /cgi-bin/explore.py HTTP/1.1" 200 393
::1 - - [02/Dec/2019:16:02:17 -0500] "POST /cgi-bin/explore.py HTTP/1.1" 200 379
::1 - - [02/Dec/2019:16:02:18 -0500] "POST /cgi-bin/explore.py HTTP/1.1" 200 429
::1 - - [02/Dec/2019:16:02:19 -0500] "POST /cgi-bin/explore.py HTTP/1.1" 200 440
::1 - - [02/Dec/2019:16:02:19 -0500] "POST /cgi-bin/explore.py HTTP/1.1" 200 448
::1 - - [02/Dec/2019:16:02:20 -0500] "POST /cgi-bin/explore.py HTTP/1.1" 200 458
::1 - - [02/Dec/2019:16:02:21 -0500] "POST /cgi-bin/explore.py HTTP/1.1" 200 432
::1 - - [02/Dec/2019:16:02:22 -0500] "POST /cgi-bin/explore.py HTTP/1.1" 200 397
::1 - - [02/Dec/2019:16:02:23 -0500] "POST /cgi-bin/explore.py HTTP/1.1" 200 383
::1 - - [02/Dec/2019:16:02:23 -0500] "POST /cgi-bin/explore.py HTTP/1.1" 200 443
::1 - - [02/Dec/2019:16:02:24 -0500] "POST /cgi-bin/explore.py HTTP/1.1" 200 407
::1 - - [02/Dec/2019:16:02:25 -0500] "POST /cgi-bin/explore.py HTTP/1.1" 200 385
::1 - - [02/Dec/2019:16:02:25 -0500] "POST /cgi-bin/explore.py HTTP/1.1" 200 436
::1 - - [02/Dec/2019:16:02:27 -0500] "POST /cgi-bin/explore.py HTTP/1.1" 200 425
::1 - - [02/Dec/2019:16:02:27 -0500] "POST /cgi-bin/explore.py HTTP/1.1" 200 397
::1 - - [02/Dec/2019:16:02:28 -0500] "POST /cgi-bin/explore.py HTTP/1.1" 200 336
::1 - - [02/Dec/2019:16:02:29 -0500] "POST /cgi-bin/explore.py HTTP/1.1" 200 386
::1 - - [02/Dec/2019:16:02:38 -0500] "POST /cgi-bin/explore.py HTTP/1.1" 200 359
::1 - - [02/Dec/2019:16:02:39 -0500] "POST /cgi-bin/explore.py HTTP/1.1" 200 402
::1 - - [02/Dec/2019:16:02:40 -0500] "POST /cgi-bin/explore.py HTTP/1.1" 200 390
::1 - - [02/Dec/2019:16:02:41 -0500] "POST /cgi-bin/explore.py HTTP/1.1" 200 415
::1 - - [02/Dec/2019:16:02:42 -0500] "POST /cgi-bin/explore.py HTTP/1.1" 200 372
::1 - - [02/Dec/2019:16:02:43 -0500] "POST /cgi-bin/explore.py HTTP/1.1" 200 372
::1 - - [02/Dec/2019:16:02:44 -0500] "POST /cgi-bin/explore.py HTTP/1.1" 200 444
::1 - - [02/Dec/2019:16:02:46 -0500] "POST /cgi-bin/explore.py HTTP/1.1" 200 404
::1 - - [02/Dec/2019:16:02:47 -0500] "POST /cgi-bin/explore.py HTTP/1.1" 200 444
::1 - - [02/Dec/2019:16:02:50 -0500] "POST /cgi-bin/explore.py HTTP/1.1" 200 457
::1 - - [02/Dec/2019:16:02:51 -0500] "POST /cgi-bin/explore.py HTTP/1.1" 200 414
::1 - - [02/Dec/2019:16:02:52 -0500] "POST /cgi-bin/explore.py HTTP/1.1" 200 420
::1 - - [02/Dec/2019:16:02:53 -0500] "POST /cgi-bin/explore.py HTTP/1.1" 200 411
::1 - - [02/Dec/2019:16:02:54 -0500] "POST /cgi-bin/explore.py HTTP/1.1" 200 445
::1 - - [02/Dec/2019:16:02:55 -0500] "POST /cgi-bin/explore.py HTTP/1.1" 200 371
::1 - - [02/Dec/2019:16:02:56 -0500] "POST /cgi-bin/explore.py HTTP/1.1" 200 429
::1 - - [02/Dec/2019:16:02:57 -0500] "POST /cgi-bin/explore.py HTTP/1.1" 200 398
::1 - - [02/Dec/2019:16:02:58 -0500] "POST /cgi-bin/explore.py HTTP/1.1" 200 392
::1 - - [02/Dec/2019:16:02:58 -0500] "POST /cgi-bin/explore.py HTTP/1.1" 200 386
::1 - - [02/Dec/2019:16:03:00 -0500] "POST /cgi-bin/explore.py HTTP/1.1" 200 385
::1 - - [02/Dec/2019:16:03:01 -0500] "POST /cgi-bin/explore.py HTTP/1.1" 200 382
::1 - - [02/Dec/2019:16:03:02 -0500] "POST /cgi-bin/explore.py HTTP/1.1" 200 412
::1 - - [02/Dec/2019:16:03:02 -0500] "POST /cgi-bin/explore.py HTTP/1.1" 200 404
::1 - - [02/Dec/2019:16:03:03 -0500] "POST /cgi-bin/explore.py HTTP/1.1" 200 477
::1 - - [02/Dec/2019:16:03:06 -0500] "POST /cgi-bin/explore.py HTTP/1.1" 200 379
::1 - - [02/Dec/2019:16:03:07 -0500] "POST /cgi-bin/explore.py HTTP/1.1" 200 382
::1 - - [02/Dec/2019:16:03:08 -0500] "POST /cgi-bin/explore.py HTTP/1.1" 200 379
::1 - - [02/Dec/2019:16:03:09 -0500] "POST /cgi-bin/explore.py HTTP/1.1" 200 493
::1 - - [02/Dec/2019:16:03:10 -0500] "POST /cgi-bin/explore.py HTTP/1.1" 200 456
::1 - - [02/Dec/2019:16:03:11 -0500] "POST /cgi-bin/explore.py HTTP/1.1" 200 401
::1 - - [02/Dec/2019:16:03:12 -0500] "POST /cgi-bin/explore.py HTTP/1.1" 200 362
::1 - - [02/Dec/2019:16:03:13 -0500] "POST /cgi-bin/explore.py HTTP/1.1" 200 447
::1 - - [02/Dec/2019:16:03:15 -0500] "POST /cgi-bin/explore.py HTTP/1.1" 200 432
::1 - - [02/Dec/2019:16:03:16 -0500] "POST /cgi-bin/explore.py HTTP/1.1" 200 360
::1 - - [02/Dec/2019:16:03:20 -0500] "GET /foodpage.html?id=320193 HTTP/1.1" 404 196
::1 - - [02/Dec/2019:16:03:24 -0500] "POST /cgi-bin/explore.py HTTP/1.1" 200 413
::1 - - [02/Dec/2019:23:54:08 -0500] "GET /foodpage.html HTTP/1.1" 200 1837
::1 - - [02/Dec/2019:23:54:29 -0500] "POST /cgi-bin/foodpage.py HTTP/1.1" 200 192
::1 - - [02/Dec/2019:23:55:14 -0500] "GET /foodpage.html HTTP/1.1" 200 1845
::1 - - [02/Dec/2019:23:55:14 -0500] "GET /search.css HTTP/1.1" 304 -
::1 - - [02/Dec/2019:23:55:19 -0500] "POST /cgi-bin/foodpage.py HTTP/1.1" 200 192
::1 - - [02/Dec/2019:23:58:14 -0500] "GET /foodpage.html HTTP/1.1" 200 1842
::1 - - [02/Dec/2019:23:58:14 -0500] "GET /search.css HTTP/1.1" 304 -
::1 - - [02/Dec/2019:23:58:20 -0500] "POST /cgi-bin/foodpage.py HTTP/1.1" 200 192
::1 - - [02/Dec/2019:23:59:37 -0500] "POST /cgi-bin/foodpage.py HTTP/1.1" 200 192
::1 - - [02/Dec/2019:23:59:41 -0500] "GET /foodpage.html HTTP/1.1" 200 1844
::1 - - [02/Dec/2019:23:59:42 -0500] "GET /search.css HTTP/1.1" 304 -
::1 - - [02/Dec/2019:23:59:46 -0500] "POST /cgi-bin/foodpage.py HTTP/1.1" 200 192
::1 - - [03/Dec/2019:00:00:06 -0500] "GET /foodpage.html HTTP/1.1" 304 -
::1 - - [03/Dec/2019:00:00:06 -0500] "GET /search.css HTTP/1.1" 304 -
::1 - - [03/Dec/2019:00:00:09 -0500] "GET /foodpage.html HTTP/1.1" 304 -
::1 - - [03/Dec/2019:00:00:09 -0500] "GET /search.css HTTP/1.1" 304 -
::1 - - [03/Dec/2019:00:00:10 -0500] "GET /foodpage.html HTTP/1.1" 304 -
::1 - - [03/Dec/2019:00:00:10 -0500] "GET /search.css HTTP/1.1" 304 -
::1 - - [03/Dec/2019:00:00:13 -0500] "POST /cgi-bin/foodpage.py HTTP/1.1" 200 192
::1 - - [03/Dec/2019:00:00:23 -0500] "GET /foodpage.html HTTP/1.1" 304 -
::1 - - [03/Dec/2019:00:00:23 -0500] "GET /search.css HTTP/1.1" 304 -
::1 - - [03/Dec/2019:00:00:31 -0500] "GET /search.css HTTP/1.1" 200 1459
::1 - - [03/Dec/2019:00:00:31 -0500] "GET /search.css HTTP/1.1" 200 1459
::1 - - [03/Dec/2019:00:01:00 -0500] "GET /foodpage.html HTTP/1.1" 200 1847
::1 - - [03/Dec/2019:00:01:00 -0500] "GET /search.css HTTP/1.1" 200 1459
::1 - - [03/Dec/2019:00:01:06 -0500] "POST /cgi-bin/foodpage.py HTTP/1.1" 200 192
::1 - - [03/Dec/2019:00:01:51 -0500] "POST /cgi-bin/foodpage.py HTTP/1.1" 200 192
::1 - - [03/Dec/2019:10:31:07 -0500] "GET /search.html HTTP/1.1" 200 1847
::1 - - [03/Dec/2019:10:31:09 -0500] "POST /cgi-bin/search.py HTTP/1.1" 200 5868
::1 - - [03/Dec/2019:10:31:34 -0500] "POST /cgi-bin/search.py HTTP/1.1" 200 7481
::1 - - [03/Dec/2019:10:32:06 -0500] "POST /cgi-bin/search.py HTTP/1.1" 200 9259
::1 - - [03/Dec/2019:10:32:37 -0500] "POST /cgi-bin/search.py HTTP/1.1" 200 7446
::1 - - [03/Dec/2019:10:32:49 -0500] "POST /cgi-bin/search.py HTTP/1.1" 200 5619
::1 - - [03/Dec/2019:10:33:49 -0500] "-" 408 -
::1 - - [04/Dec/2019:09:47:19 -0500] "GET / HTTP/1.1" 200 1108
::1 - - [04/Dec/2019:09:47:19 -0500] "GET /js/ProcessFoodSearch.js HTTP/1.1" 200 348
::1 - - [04/Dec/2019:09:47:19 -0500] "GET /css/index.css HTTP/1.1" 200 1292
::1 - - [04/Dec/2019:09:47:19 -0500] "GET /js/jquery-3.4.1.js HTTP/1.1" 200 290962
::1 - - [04/Dec/2019:09:47:39 -0500] "GET /search.html?query=bagels HTTP/1.1" 200 1195
::1 - - [04/Dec/2019:09:47:39 -0500] "GET /css/search.css HTTP/1.1" 200 1389
::1 - - [04/Dec/2019:09:47:39 -0500] "GET /js/SearchResultsPage.js HTTP/1.1" 200 1098
::1 - - [04/Dec/2019:09:47:39 -0500] "GET / HTTP/1.1" 304 -
::1 - - [04/Dec/2019:09:47:39 -0500] "GET /cgi-bin/st.py?query=bagels HTTP/1.1" 200 788
::1 - - [04/Dec/2019:09:47:49 -0500] "GET /search.html?query=egg HTTP/1.1" 200 1195
::1 - - [04/Dec/2019:09:47:50 -0500] "GET /cgi-bin/st.py?query=egg HTTP/1.1" 200 4410
::1 - - [04/Dec/2019:09:47:56 -0500] "GET /foodpage.html?id=168772 HTTP/1.1" 200 2667
::1 - - [04/Dec/2019:09:47:56 -0500] "GET /js/FoodPage.js HTTP/1.1" 200 1101
::1 - - [04/Dec/2019:09:47:56 -0500] "GET /css/foodpage.css HTTP/1.1" 200 965
::1 - - [04/Dec/2019:09:47:56 -0500] "GET /cgi-bin/fp.py?ID=168772 HTTP/1.1" 200 242
::1 - - [04/Dec/2019:09:48:06 -0500] "GET /explore.html HTTP/1.1" 200 967
::1 - - [04/Dec/2019:09:48:06 -0500] "GET /js/Explore.js HTTP/1.1" 200 637
::1 - - [04/Dec/2019:09:48:06 -0500] "GET /css/explore.css HTTP/1.1" 200 900
::1 - - [04/Dec/2019:09:48:06 -0500] "GET /cgi-bin/ex.py HTTP/1.1" 200 251
::1 - - [04/Dec/2019:09:48:10 -0500] "GET /foodpage.html?id=321398 HTTP/1.1" 200 2667
::1 - - [04/Dec/2019:09:48:11 -0500] "GET /cgi-bin/fp.py?ID=321398 HTTP/1.1" 200 223
::1 - - [04/Dec/2019:09:48:18 -0500] "GET /cgi-bin/ex.py HTTP/1.1" 200 203
::1 - - [04/Dec/2019:09:48:30 -0500] "GET /search.html?query=bagel HTTP/1.1" 200 1195
::1 - - [04/Dec/2019:09:48:30 -0500] "GET / HTTP/1.1" 304 -
::1 - - [04/Dec/2019:09:48:30 -0500] "GET /cgi-bin/st.py?query=bagel HTTP/1.1" 200 2800
::1 - - [04/Dec/2019:09:48:35 -0500] "GET /foodpage.html?id=167533 HTTP/1.1" 200 2667
::1 - - [04/Dec/2019:09:48:35 -0500] "GET /cgi-bin/fp.py?ID=167533 HTTP/1.1" 200 225
::1 - - [04/Dec/2019:09:48:38 -0500] "GET /cgi-bin/st.py?query=bagel HTTP/1.1" 200 2800
::1 - - [04/Dec/2019:09:48:43 -0500] "GET /index.html HTTP/1.1" 200 1108
::1 - - [04/Dec/2019:09:48:43 -0500] "GET /js/jquery-3.4.1.js HTTP/1.1" 304 -
::1 - - [04/Dec/2019:09:48:43 -0500] "GET /js/ProcessFoodSearch.js HTTP/1.1" 304 -
::1 - - [04/Dec/2019:09:48:43 -0500] "GET /css/index.css HTTP/1.1" 304 -
::1 - - [04/Dec/2019:09:48:48 -0500] "GET /index.html HTTP/1.1" 304 -
::1 - - [04/Dec/2019:09:48:48 -0500] "GET /cgi-bin/st.py?query=egg HTTP/1.1" 200 4410
::1 - - [04/Dec/2019:09:49:05 -0500] "GET /search.html?query=bagel HTTP/1.1" 304 -
::1 - - [04/Dec/2019:09:49:05 -0500] "GET /css/search.css HTTP/1.1" 304 -
::1 - - [04/Dec/2019:09:49:05 -0500] "GET /js/SearchResultsPage.js HTTP/1.1" 304 -
::1 - - [04/Dec/2019:09:49:05 -0500] "GET /cgi-bin/st.py?query=bagel HTTP/1.1" 200 2800
::1 - - [04/Dec/2019:09:49:09 -0500] "GET /search.html?query=bagels HTTP/1.1" 304 -
::1 - - [04/Dec/2019:09:49:09 -0500] "GET /cgi-bin/st.py?query=bagels HTTP/1.1" 200 788
::1 - - [04/Dec/2019:09:49:17 -0500] "GET / HTTP/1.1" 304 -
::1 - - [04/Dec/2019:09:49:17 -0500] "GET /js/jquery-3.4.1.js HTTP/1.1" 304 -
::1 - - [04/Dec/2019:09:49:17 -0500] "GET /css/index.css HTTP/1.1" 304 -
::1 - - [04/Dec/2019:09:49:17 -0500] "GET /js/ProcessFoodSearch.js HTTP/1.1" 304 -
::1 - - [04/Dec/2019:09:49:29 -0500] "GET /about.html HTTP/1.1" 200 1432
::1 - - [04/Dec/2019:09:49:29 -0500] "GET /css/about.css HTTP/1.1" 200 756
::1 - - [04/Dec/2019:09:50:29 -0500] "-" 408 -
::1 - - [04/Dec/2019:09:50:34 -0500] "GET /index.html HTTP/1.1" 304 -
::1 - - [04/Dec/2019:09:50:34 -0500] "GET /cgi-bin/st.py?query=bagels HTTP/1.1" 200 788
::1 - - [04/Dec/2019:09:50:44 -0500] "GET /foodpage.html?id=174901 HTTP/1.1" 200 2667
::1 - - [04/Dec/2019:09:50:44 -0500] "GET /js/FoodPage.js HTTP/1.1" 304 -
::1 - - [04/Dec/2019:09:50:44 -0500] "GET /css/foodpage.css HTTP/1.1" 304 -
::1 - - [04/Dec/2019:09:50:44 -0500] "GET /cgi-bin/fp.py?ID=174901 HTTP/1.1" 200 231
::1 - - [04/Dec/2019:09:50:56 -0500] "GET /cgi-bin/st.py?query=bagels HTTP/1.1" 200 788
::1 - - [04/Dec/2019:09:51:05 -0500] "GET /search.html?query=salsa HTTP/1.1" 200 1195
::1 - - [04/Dec/2019:09:51:05 -0500] "GET /js/jquery-3.4.1.js HTTP/1.1" 304 -
::1 - - [04/Dec/2019:09:51:05 -0500] "GET /css/search.css HTTP/1.1" 304 -
::1 - - [04/Dec/2019:09:51:05 -0500] "GET /js/SearchResultsPage.js HTTP/1.1" 304 -
::1 - - [04/Dec/2019:09:51:05 -0500] "GET /js/ProcessFoodSearch.js HTTP/1.1" 304 -
::1 - - [04/Dec/2019:09:51:05 -0500] "GET /cgi-bin/st.py?query=salsa HTTP/1.1" 200 4158
::1 - - [04/Dec/2019:09:51:14 -0500] "GET /foodpage.html?id=323846 HTTP/1.1" 200 2667
::1 - - [04/Dec/2019:09:51:14 -0500] "GET /cgi-bin/fp.py?ID=323846 HTTP/1.1" 200 216
::1 - - [04/Dec/2019:09:51:28 -0500] "GET /cgi-bin/st.py?query=salsa HTTP/1.1" 200 4158
::1 - - [04/Dec/2019:09:51:35 -0500] "GET /search.html?query=sodexo HTTP/1.1" 200 1195
::1 - - [04/Dec/2019:09:51:35 -0500] "GET /cgi-bin/st.py?query=sodexo HTTP/1.1" 500 3815
::1 - - [04/Dec/2019:09:51:43 -0500] "GET /search.html?query=apple HTTP/1.1" 200 1195
::1 - - [04/Dec/2019:09:51:43 -0500] "GET /cgi-bin/st.py?query=apple HTTP/1.1" 200 5538
::1 - - [04/Dec/2019:09:51:48 -0500] "GET /foodpage.html?id=168202 HTTP/1.1" 200 2667
::1 - - [04/Dec/2019:09:51:48 -0500] "GET /cgi-bin/fp.py?ID=168202 HTTP/1.1" 200 253
::1 - - [04/Dec/2019:09:51:54 -0500] "GET /cgi-bin/st.py?query=apple HTTP/1.1" 200 5538
::1 - - [04/Dec/2019:09:51:59 -0500] "GET /css/index.css HTTP/1.1" 304 -
::1 - - [04/Dec/2019:09:52:02 -0500] "GET /explore.html HTTP/1.1" 304 -
::1 - - [04/Dec/2019:09:52:02 -0500] "GET /css/explore.css HTTP/1.1" 304 -
::1 - - [04/Dec/2019:09:52:02 -0500] "GET /js/Explore.js HTTP/1.1" 304 -
::1 - - [04/Dec/2019:09:52:02 -0500] "GET /cgi-bin/ex.py HTTP/1.1" 200 127
::1 - - [04/Dec/2019:09:52:08 -0500] "GET /explore.html HTTP/1.1" 304 -
::1 - - [04/Dec/2019:09:52:08 -0500] "GET /css/explore.css HTTP/1.1" 304 -
::1 - - [04/Dec/2019:09:52:08 -0500] "GET /js/Explore.js HTTP/1.1" 304 -
::1 - - [04/Dec/2019:09:52:08 -0500] "GET /js/jquery-3.4.1.js HTTP/1.1" 304 -
::1 - - [04/Dec/2019:09:52:08 -0500] "GET /cgi-bin/ex.py HTTP/1.1" 200 226
::1 - - [04/Dec/2019:09:52:09 -0500] "GET /explore.html HTTP/1.1" 304 -
::1 - - [04/Dec/2019:09:52:09 -0500] "GET /css/explore.css HTTP/1.1" 304 -
::1 - - [04/Dec/2019:09:52:09 -0500] "GET /js/jquery-3.4.1.js HTTP/1.1" 304 -
::1 - - [04/Dec/2019:09:52:09 -0500] "GET /js/Explore.js HTTP/1.1" 304 -
::1 - - [04/Dec/2019:09:52:09 -0500] "GET /cgi-bin/ex.py HTTP/1.1" 200 153
::1 - - [04/Dec/2019:09:52:10 -0500] "GET /explore.html HTTP/1.1" 304 -
::1 - - [04/Dec/2019:09:52:10 -0500] "GET /js/Explore.js HTTP/1.1" 304 -
::1 - - [04/Dec/2019:09:52:10 -0500] "GET /js/jquery-3.4.1.js HTTP/1.1" 304 -
::1 - - [04/Dec/2019:09:52:10 -0500] "GET /css/explore.css HTTP/1.1" 304 -
::1 - - [04/Dec/2019:09:52:10 -0500] "GET /cgi-bin/ex.py HTTP/1.1" 200 185
::1 - - [04/Dec/2019:09:52:11 -0500] "GET /explore.html HTTP/1.1" 304 -
::1 - - [04/Dec/2019:09:52:11 -0500] "GET /js/jquery-3.4.1.js HTTP/1.1" 304 -
::1 - - [04/Dec/2019:09:52:11 -0500] "GET /js/Explore.js HTTP/1.1" 304 -
::1 - - [04/Dec/2019:09:52:11 -0500] "GET /css/explore.css HTTP/1.1" 304 -
::1 - - [04/Dec/2019:09:52:11 -0500] "GET /cgi-bin/ex.py HTTP/1.1" 200 154
::1 - - [04/Dec/2019:09:52:19 -0500] "GET /foodpage.html?id=340552 HTTP/1.1" 200 2667
::1 - - [04/Dec/2019:09:52:19 -0500] "GET /cgi-bin/fp.py?ID=340552 HTTP/1.1" 200 228
::1 - - [04/Dec/2019:09:52:52 -0500] "GET /about.html HTTP/1.1" 304 -
::1 - - [04/Dec/2019:09:52:52 -0500] "GET /css/about.css HTTP/1.1" 304 -
::1 - - [04/Dec/2019:09:53:09 -0500] "GET /index.html HTTP/1.1" 304 -
::1 - - [04/Dec/2019:09:53:09 -0500] "GET /js/ProcessFoodSearch.js HTTP/1.1" 304 -
::1 - - [04/Dec/2019:09:53:19 -0500] "-" 408 -
::1 - - [04/Dec/2019:09:53:27 -0500] "GET /index.html HTTP/1.1" 304 -
::1 - - [04/Dec/2019:09:53:42 -0500] "GET /search.html?query=Foo HTTP/1.1" 200 1195
::1 - - [04/Dec/2019:09:53:42 -0500] "GET /css/search.css HTTP/1.1" 304 -
::1 - - [04/Dec/2019:09:53:42 -0500] "GET /js/SearchResultsPage.js HTTP/1.1" 304 -
::1 - - [04/Dec/2019:09:53:42 -0500] "GET /index.html HTTP/1.1" 304 -
::1 - - [04/Dec/2019:09:53:42 -0500] "GET /cgi-bin/st.py?query=foo HTTP/1.1" 200 6311
::1 - - [04/Dec/2019:09:54:10 -0500] "GET /search.html?query= HTTP/1.1" 200 1195
::1 - - [04/Dec/2019:09:54:10 -0500] "GET /js/jquery-3.4.1.js HTTP/1.1" 304 -
::1 - - [04/Dec/2019:09:54:10 -0500] "GET /cgi-bin/st.py?query= HTTP/1.1" 500 5671
::1 - - [04/Dec/2019:09:54:32 -0500] "GET /search.html?query=%3B+DROP+TABLES+-- HTTP/1.1" 200 1195
::1 - - [04/Dec/2019:09:54:32 -0500] "GET /cgi-bin/st.py?query=bdroptables HTTP/1.1" 500 3815
::1 - - [04/Dec/2019:09:54:36 -0500] "GET /css/index.css HTTP/1.1" 304 -
::1 - - [04/Dec/2019:09:54:41 -0500] "GET /search.html?query=food HTTP/1.1" 200 1195
::1 - - [04/Dec/2019:09:54:41 -0500] "GET /index.html HTTP/1.1" 304 -
::1 - - [04/Dec/2019:09:54:41 -0500] "GET /cgi-bin/st.py?query=food HTTP/1.1" 200 6361
::1 - - [04/Dec/2019:09:55:41 -0500] "-" 408 -
::1 - - [04/Dec/2019:09:55:46 -0500] "GET /search.html?query=Robert%27%29%3B+DROP+TABLE+parsedFood%3B-- HTTP/1.1" 200 1195
::1 - - [04/Dec/2019:09:55:46 -0500] "GET /css/search.css HTTP/1.1" 304 -
::1 - - [04/Dec/2019:09:55:46 -0500] "GET /js/ProcessFoodSearch.js HTTP/1.1" 304 -
::1 - - [04/Dec/2019:09:55:46 -0500] "GET /js/SearchResultsPage.js HTTP/1.1" 304 -
::1 - - [04/Dec/2019:09:55:46 -0500] "GET /cgi-bin/st.py?query=robertbdroptableparsedfoodb HTTP/1.1" 500 3815
::1 - - [04/Dec/2019:09:55:54 -0500] "GET /search.html?query=banana HTTP/1.1" 200 1195
::1 - - [04/Dec/2019:09:55:55 -0500] "GET /index.html HTTP/1.1" 304 -
::1 - - [04/Dec/2019:09:55:55 -0500] "GET /cgi-bin/st.py?query=banana HTTP/1.1" 200 5390
::1 - - [04/Dec/2019:09:56:54 -0500] "-" 408 -
::1 - - [04/Dec/2019:10:04:12 -0500] "GET / HTTP/1.1" 200 1108
::1 - - [04/Dec/2019:10:04:12 -0500] "GET /js/jquery-3.4.1.js HTTP/1.1" 200 290962
::1 - - [04/Dec/2019:10:04:12 -0500] "GET /js/ProcessFoodSearch.js HTTP/1.1" 200 348
::1 - - [04/Dec/2019:10:04:12 -0500] "GET /css/index.css HTTP/1.1" 200 1292
::1 - - [04/Dec/2019:10:04:13 -0500] "GET /favicon.ico HTTP/1.1" 404 196
::1 - - [04/Dec/2019:10:04:16 -0500] "GET /? HTTP/1.1" 200 1108
::1 - - [04/Dec/2019:10:04:16 -0500] "GET /search.html?query=yo HTTP/1.1" 200 1195
::1 - - [04/Dec/2019:10:04:17 -0500] "GET /css/search.css HTTP/1.1" 200 1389
::1 - - [04/Dec/2019:10:04:17 -0500] "GET /js/SearchResultsPage.js HTTP/1.1" 200 1098
::1 - - [04/Dec/2019:10:04:17 -0500] "GET /cgi-bin/st.py?query=yo HTTP/1.1" 200 5171
::1 - - [04/Dec/2019:10:04:23 -0500] "GET /index.html HTTP/1.1" 200 1108
::1 - - [04/Dec/2019:11:32:18 -0500] "GET /index.html HTTP/1.1" 304 -
::1 - - [04/Dec/2019:11:32:18 -0500] "GET /js/jquery-3.4.1.js HTTP/1.1" 304 -
::1 - - [04/Dec/2019:11:32:18 -0500] "GET /css/index.css HTTP/1.1" 304 -
::1 - - [04/Dec/2019:11:32:18 -0500] "GET /js/ProcessFoodSearch.js HTTP/1.1" 304 -
::1 - - [04/Dec/2019:11:32:24 -0500] "GET /index.html HTTP/1.1" 304 -
::1 - - [04/Dec/2019:11:32:25 -0500] "GET /search.html?query=banana HTTP/1.1" 304 -
::1 - - [04/Dec/2019:11:32:25 -0500] "GET /css/search.css HTTP/1.1" 304 -
::1 - - [04/Dec/2019:11:32:25 -0500] "GET /js/SearchResultsPage.js HTTP/1.1" 304 -
::1 - - [04/Dec/2019:11:32:25 -0500] "GET /cgi-bin/st.py?query=banana HTTP/1.1" 200 5390
::1 - - [04/Dec/2019:13:57:44 -0500] "GET /explore.html HTTP/1.1" 200 967
::1 - - [04/Dec/2019:13:57:44 -0500] "GET /js/Explore.js HTTP/1.1" 200 637
::1 - - [04/Dec/2019:13:57:44 -0500] "GET /css/explore.css HTTP/1.1" 200 900
::1 - - [04/Dec/2019:13:57:44 -0500] "GET /js/jquery-3.4.1.js HTTP/1.1" 200 290962
::1 - - [04/Dec/2019:13:57:45 -0500] "GET /cgi-bin/ex.py HTTP/1.1" 200 232
::1 - - [04/Dec/2019:13:57:49 -0500] "GET /explore.html HTTP/1.1" 304 -
::1 - - [04/Dec/2019:13:57:49 -0500] "GET /js/Explore.js HTTP/1.1" 304 -
::1 - - [04/Dec/2019:13:57:49 -0500] "GET /css/explore.css HTTP/1.1" 304 -
::1 - - [04/Dec/2019:13:57:49 -0500] "GET /js/jquery-3.4.1.js HTTP/1.1" 304 -
::1 - - [04/Dec/2019:13:57:49 -0500] "GET /cgi-bin/ex.py HTTP/1.1" 200 182
::1 - - [04/Dec/2019:13:57:52 -0500] "GET /explore.html HTTP/1.1" 304 -
::1 - - [04/Dec/2019:13:57:52 -0500] "GET /js/jquery-3.4.1.js HTTP/1.1" 304 -
::1 - - [04/Dec/2019:13:57:52 -0500] "GET /css/explore.css HTTP/1.1" 304 -
::1 - - [04/Dec/2019:13:57:52 -0500] "GET /js/Explore.js HTTP/1.1" 304 -
::1 - - [04/Dec/2019:13:57:53 -0500] "GET /cgi-bin/ex.py HTTP/1.1" 200 231
::1 - - [04/Dec/2019:13:57:54 -0500] "GET /explore.html HTTP/1.1" 304 -
::1 - - [04/Dec/2019:13:57:54 -0500] "GET /js/jquery-3.4.1.js HTTP/1.1" 304 -
::1 - - [04/Dec/2019:13:57:54 -0500] "GET /js/Explore.js HTTP/1.1" 304 -
::1 - - [04/Dec/2019:13:57:54 -0500] "GET /css/explore.css HTTP/1.1" 304 -
::1 - - [04/Dec/2019:13:57:54 -0500] "GET /cgi-bin/ex.py HTTP/1.1" 200 169
::1 - - [04/Dec/2019:13:57:57 -0500] "GET /index.html HTTP/1.1" 200 1108
::1 - - [04/Dec/2019:13:57:57 -0500] "GET /js/ProcessFoodSearch.js HTTP/1.1" 200 348
::1 - - [04/Dec/2019:13:57:57 -0500] "GET /css/index.css HTTP/1.1" 200 1292
::1 - - [04/Dec/2019:13:58:02 -0500] "GET /index.html HTTP/1.1" 304 -
::1 - - [04/Dec/2019:13:58:02 -0500] "GET /search.html?query=bagels HTTP/1.1" 200 1195
::1 - - [04/Dec/2019:13:58:02 -0500] "GET /js/SearchResultsPage.js HTTP/1.1" 200 1098
::1 - - [04/Dec/2019:13:58:02 -0500] "GET /css/search.css HTTP/1.1" 200 1389
::1 - - [04/Dec/2019:13:58:02 -0500] "GET /cgi-bin/st.py?query=bagels HTTP/1.1" 200 788
::1 - - [04/Dec/2019:13:58:07 -0500] "GET /foodpage.html?id=167533 HTTP/1.1" 200 2667
::1 - - [04/Dec/2019:13:58:07 -0500] "GET /css/foodpage.css HTTP/1.1" 200 965
::1 - - [04/Dec/2019:13:58:07 -0500] "GET /js/FoodPage.js HTTP/1.1" 200 1101
::1 - - [04/Dec/2019:13:58:07 -0500] "GET /cgi-bin/fp.py?ID=167533 HTTP/1.1" 200 225
::1 - - [04/Dec/2019:13:58:14 -0500] "GET /about.html HTTP/1.1" 200 1432
::1 - - [04/Dec/2019:13:58:14 -0500] "GET /css/about.css HTTP/1.1" 200 756
::1 - - [04/Dec/2019:13:58:27 -0500] "GET /cgi-bin/ex.py HTTP/1.1" 200 152
::1 - - [04/Dec/2019:13:58:30 -0500] "GET /explore.html HTTP/1.1" 304 -
::1 - - [04/Dec/2019:13:58:30 -0500] "GET /css/explore.css HTTP/1.1" 304 -
::1 - - [04/Dec/2019:13:58:30 -0500] "GET /js/jquery-3.4.1.js HTTP/1.1" 304 -
::1 - - [04/Dec/2019:13:58:30 -0500] "GET /js/Explore.js HTTP/1.1" 304 -
::1 - - [04/Dec/2019:13:58:30 -0500] "GET /cgi-bin/ex.py HTTP/1.1" 200 144
::1 - - [04/Dec/2019:13:58:31 -0500] "GET /explore.html HTTP/1.1" 304 -
::1 - - [04/Dec/2019:13:58:31 -0500] "GET /js/jquery-3.4.1.js HTTP/1.1" 304 -
::1 - - [04/Dec/2019:13:58:31 -0500] "GET /css/explore.css HTTP/1.1" 304 -
::1 - - [04/Dec/2019:13:58:31 -0500] "GET /js/Explore.js HTTP/1.1" 304 -
::1 - - [04/Dec/2019:13:58:31 -0500] "GET /cgi-bin/ex.py HTTP/1.1" 200 228
::1 - - [04/Dec/2019:13:58:32 -0500] "GET /explore.html HTTP/1.1" 304 -
::1 - - [04/Dec/2019:13:58:32 -0500] "GET /js/Explore.js HTTP/1.1" 304 -
::1 - - [04/Dec/2019:13:58:32 -0500] "GET /js/jquery-3.4.1.js HTTP/1.1" 304 -
::1 - - [04/Dec/2019:13:58:32 -0500] "GET /css/explore.css HTTP/1.1" 304 -
::1 - - [04/Dec/2019:13:58:32 -0500] "GET /cgi-bin/ex.py HTTP/1.1" 200 141
::1 - - [04/Dec/2019:14:47:45 -0500] "GET /search.html?query=bagels HTTP/1.1" 304 -
::1 - - [04/Dec/2019:14:47:45 -0500] "GET /js/jquery-3.4.1.js HTTP/1.1" 304 -
::1 - - [04/Dec/2019:14:47:45 -0500] "GET /css/search.css HTTP/1.1" 304 -
::1 - - [04/Dec/2019:14:47:45 -0500] "GET /js/ProcessFoodSearch.js HTTP/1.1" 304 -
::1 - - [04/Dec/2019:14:47:45 -0500] "GET /js/SearchResultsPage.js HTTP/1.1" 304 -
::1 - - [04/Dec/2019:14:47:45 -0500] "GET /index.html HTTP/1.1" 304 -
::1 - - [04/Dec/2019:14:47:45 -0500] "GET /css/index.css HTTP/1.1" 304 -
::1 - - [04/Dec/2019:14:47:45 -0500] "GET /cgi-bin/st.py?query=bagels HTTP/1.1" 200 788
::1 - - [04/Dec/2019:14:47:48 -0500] "GET /search.html?query=egg HTTP/1.1" 200 1195
::1 - - [04/Dec/2019:14:47:48 -0500] "GET /cgi-bin/st.py?query=egg HTTP/1.1" 200 4410
::1 - - [04/Dec/2019:15:13:59 -0500] "GET /index.html HTTP/1.1" 304 -
::1 - - [04/Dec/2019:15:13:59 -0500] "GET /cgi-bin/st.py?query=bagels HTTP/1.1" 200 788
::1 - - [04/Dec/2019:15:14:09 -0500] "GET /foodpage.html?id=172664 HTTP/1.1" 200 2667
::1 - - [04/Dec/2019:15:14:09 -0500] "GET /css/foodpage.css HTTP/1.1" 304 -
::1 - - [04/Dec/2019:15:14:09 -0500] "GET /js/FoodPage.js HTTP/1.1" 304 -
::1 - - [04/Dec/2019:15:14:09 -0500] "GET /cgi-bin/fp.py?ID=172664 HTTP/1.1" 200 237
::1 - - [04/Dec/2019:15:14:41 -0500] "GET /search.html?query=milk HTTP/1.1" 200 1195
::1 - - [04/Dec/2019:15:14:41 -0500] "GET /index.html HTTP/1.1" 304 -
::1 - - [04/Dec/2019:15:14:41 -0500] "GET /cgi-bin/st.py?query=milk HTTP/1.1" 200 5144
::1 - - [04/Dec/2019:15:14:56 -0500] "GET /search.html?query=admin HTTP/1.1" 200 1195
::1 - - [04/Dec/2019:15:14:56 -0500] "GET /index.html HTTP/1.1" 304 -
::1 - - [04/Dec/2019:15:14:56 -0500] "GET /cgi-bin/st.py?query=admin HTTP/1.1" 500 3815
::1 - - [04/Dec/2019:15:15:21 -0500] "GET /explore.html HTTP/1.1" 304 -
::1 - - [04/Dec/2019:15:15:21 -0500] "GET /css/explore.css HTTP/1.1" 304 -
::1 - - [04/Dec/2019:15:15:21 -0500] "GET /js/Explore.js HTTP/1.1" 304 -
::1 - - [04/Dec/2019:15:15:22 -0500] "GET /cgi-bin/ex.py HTTP/1.1" 200 241
::1 - - [04/Dec/2019:15:15:39 -0500] "GET /foodpage.html?id=341880 HTTP/1.1" 200 2667
::1 - - [04/Dec/2019:15:15:39 -0500] "GET /cgi-bin/fp.py?ID=341880 HTTP/1.1" 200 268
::1 - - [04/Dec/2019:15:15:48 -0500] "GET /cgi-bin/ex.py HTTP/1.1" 200 183
::1 - - [04/Dec/2019:15:15:55 -0500] "GET /explore.html HTTP/1.1" 304 -
::1 - - [04/Dec/2019:15:15:55 -0500] "GET /js/Explore.js HTTP/1.1" 304 -
::1 - - [04/Dec/2019:15:15:55 -0500] "GET /js/jquery-3.4.1.js HTTP/1.1" 304 -
::1 - - [04/Dec/2019:15:15:55 -0500] "GET /css/explore.css HTTP/1.1" 304 -
::1 - - [04/Dec/2019:15:15:55 -0500] "GET /cgi-bin/ex.py HTTP/1.1" 200 157
::1 - - [04/Dec/2019:15:15:56 -0500] "GET /explore.html HTTP/1.1" 304 -
::1 - - [04/Dec/2019:15:15:56 -0500] "GET /js/Explore.js HTTP/1.1" 304 -
::1 - - [04/Dec/2019:15:15:56 -0500] "GET /js/jquery-3.4.1.js HTTP/1.1" 304 -
::1 - - [04/Dec/2019:15:15:56 -0500] "GET /css/explore.css HTTP/1.1" 304 -
::1 - - [04/Dec/2019:15:15:56 -0500] "GET /cgi-bin/ex.py HTTP/1.1" 200 189
::1 - - [04/Dec/2019:15:16:00 -0500] "GET /explore.html HTTP/1.1" 304 -
::1 - - [04/Dec/2019:15:16:00 -0500] "GET /js/Explore.js HTTP/1.1" 304 -
::1 - - [04/Dec/2019:15:16:00 -0500] "GET /js/jquery-3.4.1.js HTTP/1.1" 304 -
::1 - - [04/Dec/2019:15:16:00 -0500] "GET /css/explore.css HTTP/1.1" 304 -
::1 - - [04/Dec/2019:15:16:00 -0500] "GET /cgi-bin/ex.py HTTP/1.1" 200 202
::1 - - [04/Dec/2019:15:16:13 -0500] "GET /about.html HTTP/1.1" 304 -
::1 - - [04/Dec/2019:15:16:13 -0500] "GET /css/about.css HTTP/1.1" 304 -
::1 - - [04/Dec/2019:15:23:24 -0500] "GET /search.html?query=oreo HTTP/1.1" 200 1195
::1 - - [04/Dec/2019:15:23:24 -0500] "GET /js/ProcessFoodSearch.js HTTP/1.1" 304 -
::1 - - [04/Dec/2019:15:23:24 -0500] "GET /css/search.css HTTP/1.1" 304 -
::1 - - [04/Dec/2019:15:23:24 -0500] "GET /js/SearchResultsPage.js HTTP/1.1" 304 -
::1 - - [04/Dec/2019:15:23:24 -0500] "GET /index.html HTTP/1.1" 304 -
::1 - - [04/Dec/2019:15:23:24 -0500] "GET /css/index.css HTTP/1.1" 304 -
::1 - - [04/Dec/2019:15:23:24 -0500] "GET /cgi-bin/st.py?query=oreo HTTP/1.1" 200 5846
::1 - - [04/Dec/2019:15:24:24 -0500] "-" 408 -
::1 - - [05/Dec/2019:14:28:31 -0500] "GET / HTTP/1.1" 200 1108
::1 - - [05/Dec/2019:14:28:31 -0500] "GET /css/index.css HTTP/1.1" 200 1292
::1 - - [05/Dec/2019:14:28:31 -0500] "GET /js/ProcessFoodSearch.js HTTP/1.1" 200 348
::1 - - [05/Dec/2019:14:28:31 -0500] "GET /js/jquery-3.4.1.js HTTP/1.1" 200 290962
::1 - - [06/Dec/2019:10:45:10 -0500] "GET / HTTP/1.1" 304 -
::1 - - [06/Dec/2019:10:45:10 -0500] "GET /css/index.css HTTP/1.1" 304 -
::1 - - [06/Dec/2019:10:45:10 -0500] "GET /js/ProcessFoodSearch.js HTTP/1.1" 304 -
::1 - - [06/Dec/2019:10:45:10 -0500] "GET /js/jquery-3.4.1.js HTTP/1.1" 304 -
::1 - - [06/Dec/2019:10:45:17 -0500] "GET /explore.html HTTP/1.1" 200 967
::1 - - [06/Dec/2019:10:45:17 -0500] "GET /js/Explore.js HTTP/1.1" 200 637
::1 - - [06/Dec/2019:10:45:17 -0500] "GET /css/explore.css HTTP/1.1" 200 900
::1 - - [06/Dec/2019:10:45:17 -0500] "GET /cgi-bin/ex.py HTTP/1.1" 200 161
::1 - - [06/Dec/2019:10:46:38 -0500] "GET /cgi-bin/ex.py HTTP/1.1" 500 538
::1 - - [06/Dec/2019:10:47:36 -0500] "-" 408 -
::1 - - [06/Dec/2019:10:47:36 -0500] "-" 408 -
::1 - - [06/Dec/2019:10:56:34 -0500] "GET /search.html?query=bagels');%20DROP%20TABLES%20parsedFood;-- HTTP/1.1" 200 1195
::1 - - [06/Dec/2019:10:56:34 -0500] "GET /js/SearchResultsPage.js HTTP/1.1" 200 1098
::1 - - [06/Dec/2019:10:56:34 -0500] "GET /css/search.css HTTP/1.1" 200 1389
::1 - - [06/Dec/2019:10:56:34 -0500] "GET / HTTP/1.1" 304 -
::1 - - [06/Dec/2019:10:56:34 -0500] "GET /cgi-bin/st.py?query=bagelsdroptablesparsedfood HTTP/1.1" 500 3815
::1 - - [06/Dec/2019:10:56:36 -0500] "GET /index.html HTTP/1.1" 200 1108
::1 - - [06/Dec/2019:11:09:59 -0500] "GET /index.html HTTP/1.1" 304 -
::1 - - [06/Dec/2019:11:09:59 -0500] "GET /js/jquery-3.4.1.js HTTP/1.1" 304 -
::1 - - [06/Dec/2019:11:09:59 -0500] "GET /css/index.css HTTP/1.1" 304 -
::1 - - [06/Dec/2019:11:09:59 -0500] "GET /js/ProcessFoodSearch.js HTTP/1.1" 304 -
::1 - - [06/Dec/2019:11:10:01 -0500] "GET /cgi-bin/ex.py HTTP/1.1" 500 538
::1 - - [06/Dec/2019:11:10:07 -0500] "GET /cgi-bin/ex.py HTTP/1.1" 500 538
::1 - - [06/Dec/2019:11:12:30 -0500] "GET /index.html HTTP/1.1" 304 -
::1 - - [06/Dec/2019:11:12:30 -0500] "GET /css/index.css HTTP/1.1" 304 -
::1 - - [06/Dec/2019:11:12:30 -0500] "GET /js/jquery-3.4.1.js HTTP/1.1" 304 -
::1 - - [06/Dec/2019:11:12:30 -0500] "GET /js/ProcessFoodSearch.js HTTP/1.1" 304 -
::1 - - [06/Dec/2019:11:12:32 -0500] "GET /cgi-bin/ex.py HTTP/1.1" 500 538
::1 - - [06/Dec/2019:11:12:41 -0500] "GET /search.html?query=bagels HTTP/1.1" 200 1195
::1 - - [06/Dec/2019:11:12:41 -0500] "GET /index.html HTTP/1.1" 304 -
::1 - - [06/Dec/2019:11:12:41 -0500] "GET /cgi-bin/st.py?query=bagels HTTP/1.1" 500 538
::1 - - [06/Dec/2019:11:13:38 -0500] "-" 408 -
::1 - - [06/Dec/2019:11:13:44 -0500] "-" 408 -
::1 - - [06/Dec/2019:11:13:44 -0500] "-" 408 -
::1 - - [06/Dec/2019:11:15:43 -0500] "GET /index.html HTTP/1.1" 304 -
::1 - - [06/Dec/2019:11:15:43 -0500] "GET /js/jquery-3.4.1.js HTTP/1.1" 304 -
::1 - - [06/Dec/2019:11:15:43 -0500] "GET /css/index.css HTTP/1.1" 304 -
::1 - - [06/Dec/2019:11:15:43 -0500] "GET /js/ProcessFoodSearch.js HTTP/1.1" 304 -
::1 - - [06/Dec/2019:11:15:49 -0500] "GET /index.html HTTP/1.1" 304 -
::1 - - [06/Dec/2019:11:15:49 -0500] "GET /cgi-bin/st.py?query=bagels HTTP/1.1" 500 538
::1 - - [06/Dec/2019:11:16:28 -0500] "GET /index.html HTTP/1.1" 304 -
::1 - - [06/Dec/2019:11:16:28 -0500] "GET /js/jquery-3.4.1.js HTTP/1.1" 304 -
::1 - - [06/Dec/2019:11:16:28 -0500] "GET /js/ProcessFoodSearch.js HTTP/1.1" 304 -
::1 - - [06/Dec/2019:11:16:28 -0500] "GET /css/index.css HTTP/1.1" 304 -
::1 - - [06/Dec/2019:11:16:31 -0500] "GET /index.html HTTP/1.1" 304 -
::1 - - [06/Dec/2019:11:16:31 -0500] "GET /cgi-bin/st.py?query=bagels HTTP/1.1" 200 788
::1 - - [06/Dec/2019:11:16:36 -0500] "GET /cgi-bin/ex.py HTTP/1.1" 500 538
::1 - - [06/Dec/2019:13:23:28 -0500] "GET / HTTP/1.1" 304 -
::1 - - [06/Dec/2019:13:23:28 -0500] "GET /css/index.css HTTP/1.1" 304 -
::1 - - [06/Dec/2019:13:23:28 -0500] "GET /js/ProcessFoodSearch.js HTTP/1.1" 304 -
::1 - - [06/Dec/2019:13:23:28 -0500] "GET /js/jquery-3.4.1.js HTTP/1.1" 304 -
::1 - - [06/Dec/2019:13:23:32 -0500] "GET / HTTP/1.1" 304 -
::1 - - [06/Dec/2019:13:23:32 -0500] "GET /cgi-bin/st.py?query=bagels HTTP/1.1" 200 788
::1 - - [06/Dec/2019:13:23:35 -0500] "GET /foodpage.html?id=167533 HTTP/1.1" 200 2667
::1 - - [06/Dec/2019:13:23:35 -0500] "GET /css/foodpage.css HTTP/1.1" 200 965
::1 - - [06/Dec/2019:13:23:35 -0500] "GET /js/FoodPage.js HTTP/1.1" 200 1101
::1 - - [06/Dec/2019:13:23:35 -0500] "GET /cgi-bin/fp.py?ID=167533 HTTP/1.1" 200 225
::1 - - [06/Dec/2019:13:23:39 -0500] "GET /cgi-bin/ex.py HTTP/1.1" 200 186
